1699149845122: Mouse moved. x: 686 y: 399
1699149845128: Mouse moved. x: 679 y: 395
1699149845135: Mouse moved. x: 669 y: 389
1699149845143: Mouse moved. x: 662 y: 386
1699149845151: Mouse moved. x: 656 y: 381
1699149845158: Mouse moved. x: 649 y: 376
1699149845165: Mouse moved. x: 641 y: 371
1699149845171: Mouse moved. x: 635 y: 366
1699149845179: Mouse moved. x: 628 y: 359
1699149845185: Mouse moved. x: 620 y: 354
1699149845193: Mouse moved. x: 614 y: 348
1699149845201: Mouse moved. x: 607 y: 344
1699149845207: Mouse moved. x: 600 y: 338
1699149845214: Mouse moved. x: 595 y: 336
1699149845221: Mouse moved. x: 590 y: 332
1699149845229: Mouse moved. x: 585 y: 327
1699149845236: Mouse moved. x: 580 y: 323
1699149845243: Mouse moved. x: 575 y: 318
1699149845250: Mouse moved. x: 569 y: 313
1699149845257: Mouse moved. x: 564 y: 307
1699149845265: Mouse moved. x: 559 y: 303
1699149845271: Mouse moved. x: 556 y: 298
1699149845279: Mouse moved. x: 551 y: 294
1699149845286: Mouse moved. x: 548 y: 290
1699149845293: Mouse moved. x: 544 y: 286
1699149845301: Mouse moved. x: 541 y: 283
1699149845307: Mouse moved. x: 539 y: 281
1699149845315: Mouse moved. x: 537 y: 280
1699149845322: Mouse moved. x: 536 y: 278
1699149845328: Mouse moved. x: 536 y: 278
1699149845336: Mouse moved. x: 535 y: 277
1699149845343: Mouse moved. x: 534 y: 277
1699149845357: Mouse moved. x: 534 y: 277
1699149845365: Mouse moved. x: 534 y: 277
1699149845378: Mouse moved. x: 534 y: 276
1699149845400: Mouse moved. x: 533 y: 276
1699149845406: Mouse moved. x: 533 y: 275
1699149845436: Mouse moved. x: 533 y: 274
1699149845464: Mouse moved. x: 533 y: 274
1699149845507: Mouse moved. x: 533 y: 273
1699149845571: Mouse moved. x: 532 y: 273
1699149845578: Mouse moved. x: 532 y: 273
1699149845585: Mouse moved. x: 531 y: 273
1699149845593: Mouse moved. x: 531 y: 274
1699149845600: Mouse moved. x: 530 y: 275
1699149845606: Mouse moved. x: 528 y: 277
1699149845614: Mouse moved. x: 523 y: 281
1699149845621: Mouse moved. x: 511 y: 292
1699149845628: Mouse moved. x: 493 y: 310
1699149845635: Mouse moved. x: 465 y: 333
1699149845643: Mouse moved. x: 432 y: 356
1699149845650: Mouse moved. x: 397 y: 378
1699149845657: Mouse moved. x: 358 y: 397
1699149845665: Mouse moved. x: 323 y: 415
1699149845671: Mouse moved. x: 279 y: 435
1699149845678: Mouse moved. x: 240 y: 449
1699149845686: Mouse moved. x: 197 y: 463
1699149845692: Mouse moved. x: 167 y: 469
1699149845700: Mouse moved. x: 130 y: 476
1699149845707: Mouse moved. x: 109 y: 480
1699149845715: Mouse moved. x: 89 y: 483
1699149845721: Mouse moved. x: 75 y: 484
1699149845728: Mouse moved. x: 62 y: 484
1699149845734: Mouse moved. x: 54 y: 484
1699149845742: Mouse moved. x: 47 y: 484
1699149845750: Mouse moved. x: 43 y: 484
1699149845756: Mouse moved. x: 41 y: 484
1699149845763: Mouse moved. x: 40 y: 484
1699149845771: Mouse moved. x: 39 y: 484
1699149845779: Mouse moved. x: 39 y: 484
1699149845785: Mouse moved. x: 38 y: 484
1699149845828: Mouse moved. x: 38 y: 484
1699149845835: Mouse moved. x: 38 y: 484
1699149845842: Mouse moved. x: 39 y: 484
1699149845850: Mouse moved. x: 39 y: 484
1699149845858: Mouse moved. x: 40 y: 484
1699149845863: Mouse moved. x: 41 y: 484
1699149845870: Mouse moved. x: 41 y: 484
1699149845878: Mouse moved. x: 42 y: 484
1699149845886: Mouse moved. x: 43 y: 484
1699149845891: Key Released: Tab
1699149845900: Mouse moved. x: 43 y: 484
1699149845907: Mouse moved. x: 44 y: 484
1699149845921: Mouse moved. x: 45 y: 484
1699149845936: Mouse moved. x: 45 y: 484
1699149845943: Mouse moved. x: 46 y: 484
1699149845950: Mouse moved. x: 46 y: 484
1699149845957: Mouse moved. x: 47 y: 484
1699149845965: Mouse moved. x: 47 y: 484
1699149845971: Mouse moved. x: 49 y: 484
1699149845979: Mouse moved. x: 52 y: 484
1699149845986: Mouse moved. x: 56 y: 484
1699149845992: Mouse moved. x: 59 y: 484
1699149846001: Mouse moved. x: 64 y: 484
1699149846007: Mouse moved. x: 69 y: 484
1699149846013: Mouse moved. x: 74 y: 484
1699149846021: Mouse moved. x: 79 y: 484
1699149846028: Mouse moved. x: 85 y: 484
1699149846035: Mouse moved. x: 92 y: 484
1699149846043: Mouse moved. x: 98 y: 484
1699149846050: Mouse moved. x: 106 y: 484
1699149846057: Mouse moved. x: 114 y: 484
1699149846064: Mouse moved. x: 124 y: 484
1699149846071: Mouse moved. x: 132 y: 484
1699149846078: Mouse moved. x: 138 y: 484
1699149846086: Mouse moved. x: 146 y: 484
1699149846093: Mouse moved. x: 153 y: 484
1699149846100: Mouse moved. x: 159 y: 484
1699149846107: Mouse moved. x: 165 y: 484
1699149846114: Mouse moved. x: 172 y: 484
1699149846123: Mouse moved. x: 178 y: 484
1699149846130: Mouse moved. x: 183 y: 484
1699149846134: Mouse moved. x: 190 y: 483
1699149846144: Mouse moved. x: 194 y: 483
1699149846150: Mouse moved. x: 201 y: 482
1699149846157: Mouse moved. x: 205 y: 482
1699149846164: Mouse moved. x: 212 y: 481
1699149846172: Mouse moved. x: 220 y: 479
1699149846178: Mouse moved. x: 227 y: 478
1699149846185: Mouse moved. x: 234 y: 477
1699149846193: Mouse moved. x: 241 y: 476
1699149846201: Mouse moved. x: 248 y: 475
1699149846207: Mouse moved. x: 252 y: 475
1699149846213: Mouse moved. x: 256 y: 475
1699149846221: Mouse moved. x: 260 y: 474
1699149846229: Mouse moved. x: 264 y: 474
1699149846236: Mouse moved. x: 267 y: 474
1699149846243: Mouse moved. x: 269 y: 474
1699149846250: Mouse moved. x: 271 y: 474
1699149846257: Mouse moved. x: 272 y: 474
1699149846264: Mouse moved. x: 273 y: 474
1699149846269: Key Released: Tab
1699149846272: Mouse moved. x: 273 y: 474
1699149846278: Mouse moved. x: 274 y: 474
1699149846293: Mouse moved. x: 274 y: 474
1699149846306: Key Released: Alt
1699149846323: Mouse moved. x: 275 y: 474
1699149846385: Mouse moved. x: 276 y: 474
1699149846930: Key Released: Alt
1699149846949: Key Released: Tab
1699149847921: Key Released: R
1699149848168: Key Released: Shift
1699149848175: Key Released: Ctrl
1699149848673: Key Released: Alt
1699149848704: Key Released: Tab
1699149849266: Key Released: T
1699149849308: Key Released: Ctrl
1699149850045: Key Released: T
1699149850106: Key Released: Y
1699149850306: Key Released: P
1699149850392: Key Released: G
1699149850396: Key Released: I
1699149850417: Key Released: N
1699149850531: Key Released: Space
1699149850590: Key Released: F
1699149850720: Key Released: A
1699149850808: Key Released: S
1699149850816: Key Released: T
1699149850932: Key Released: Space
1699149850992: Key Released: T
1699149851036: Key Released: H
1699149851182: Key Released: E
1699149851264: Key Released: N
1699149851464: Key Released: Space
1699149851781: Key Released: T
1699149851876: Key Released: Y
1699149852198: Key Released: P
1699149852572: Key Released: I
1699149853081: Key Released: N
1699149853438: Key Released: G
1699149853524: Key Released: Space
1699149853880: Key Released: S
1699149854013: Key Released: L
1699149854321: Key Released: O
1699149854710: Key Released: W
1699149855675: Mouse moved. x: 277 y: 473
1699149855684: Mouse moved. x: 279 y: 471
1699149855690: Mouse moved. x: 281 y: 468
1699149855700: Mouse moved. x: 283 y: 467
1699149855706: Mouse moved. x: 285 y: 465
1699149855716: Mouse moved. x: 289 y: 461
1699149855726: Mouse moved. x: 292 y: 458
1699149855729: Mouse moved. x: 297 y: 454
1699149855742: Mouse moved. x: 301 y: 450
1699149855746: Mouse moved. x: 304 y: 447
1699149855756: Mouse moved. x: 308 y: 442
1699149855762: Mouse moved. x: 311 y: 438
1699149855772: Mouse moved. x: 314 y: 436
1699149855778: Mouse moved. x: 318 y: 432
1699149855789: Mouse moved. x: 328 y: 426
1699149855792: Mouse moved. x: 340 y: 421
1699149855801: Mouse moved. x: 347 y: 416
1699149855814: Mouse moved. x: 359 y: 408
1699149855818: Mouse moved. x: 369 y: 403
1699149855828: Mouse moved. x: 376 y: 398
1699149855834: Mouse moved. x: 384 y: 394
1699149855845: Mouse moved. x: 386 y: 390
1699149855853: Mouse moved. x: 389 y: 388
1699149855858: Mouse moved. x: 393 y: 382
1699149855868: Mouse moved. x: 395 y: 379
1699149855874: Mouse moved. x: 401 y: 373
1699149855884: Mouse moved. x: 406 y: 367
1699149855888: Mouse moved. x: 412 y: 362
1699149855898: Mouse moved. x: 420 y: 359
1699149855909: Mouse moved. x: 425 y: 354
1699149855914: Mouse moved. x: 431 y: 352
1699149855924: Mouse moved. x: 436 y: 349
1699149855931: Mouse moved. x: 441 y: 346
1699149855940: Mouse moved. x: 445 y: 345
1699149855950: Mouse moved. x: 448 y: 345
1699149855953: Mouse moved. x: 451 y: 343
1699149855964: Mouse moved. x: 453 y: 342
1699149855972: Mouse moved. x: 455 y: 342
1699149855976: Mouse moved. x: 459 y: 339
1699149855985: Mouse moved. x: 462 y: 339
1699149855996: Mouse moved. x: 467 y: 338
1699149856001: Mouse moved. x: 473 y: 335
1699149856013: Mouse moved. x: 478 y: 334
1699149856016: Mouse moved. x: 483 y: 333
1699149856026: Mouse moved. x: 488 y: 332
1699149856036: Mouse moved. x: 497 y: 330
1699149856042: Mouse moved. x: 500 y: 328
1699149856052: Mouse moved. x: 509 y: 326
1699149856058: Mouse moved. x: 512 y: 325
1699149856068: Mouse moved. x: 513 y: 324
1699149856078: Mouse moved. x: 521 y: 322
1699149856081: Mouse moved. x: 528 y: 320
1699149856092: Mouse moved. x: 535 y: 317
1699149856098: Mouse moved. x: 542 y: 314
1699149856107: Mouse moved. x: 548 y: 312
1699149856112: Mouse moved. x: 553 y: 309
1699149856122: Mouse moved. x: 561 y: 306
1699149856132: Mouse moved. x: 566 y: 303
1699149856138: Mouse moved. x: 571 y: 301
1699149856148: Mouse moved. x: 577 y: 298
1699149856154: Mouse moved. x: 582 y: 295
1699149856163: Mouse moved. x: 594 y: 290
1699149856174: Mouse moved. x: 614 y: 283
1699149856177: Mouse moved. x: 623 y: 280
1699149856188: Mouse moved. x: 630 y: 277
1699149856194: Mouse moved. x: 638 y: 274
1699149856203: Mouse moved. x: 645 y: 270
1699149856214: Mouse moved. x: 655 y: 259
1699149856217: Mouse moved. x: 659 y: 256
1699149856228: Mouse moved. x: 667 y: 249
1699149856233: Mouse moved. x: 674 y: 245
1699149856244: Mouse moved. x: 680 y: 239
1699149856248: Mouse moved. x: 686 y: 236
1699149856258: Mouse moved. x: 693 y: 233
1699149856268: Mouse moved. x: 701 y: 229
1699149856274: Mouse moved. x: 710 y: 226
1699149856284: Mouse moved. x: 717 y: 223
1699149856290: Mouse moved. x: 723 y: 220
1699149856300: Mouse moved. x: 726 y: 218
1699149856310: Mouse moved. x: 732 y: 215
1699149856314: Mouse moved. x: 737 y: 211
1699149856324: Mouse moved. x: 743 y: 205
1699149856330: Mouse moved. x: 751 y: 199
1699149856340: Mouse moved. x: 757 y: 194
1699149856344: Mouse moved. x: 760 y: 192
1699149856355: Mouse moved. x: 766 y: 187
1699149856364: Mouse moved. x: 772 y: 181
1699149856370: Mouse moved. x: 779 y: 176
1699149856380: Mouse moved. x: 784 y: 173
1699149856386: Mouse moved. x: 794 y: 167
1699149856396: Mouse moved. x: 802 y: 162
1699149856400: Mouse moved. x: 808 y: 158
1699149856410: Mouse moved. x: 815 y: 150
1699149856420: Mouse moved. x: 818 y: 148
1699149856426: Mouse moved. x: 823 y: 144
1699149856436: Mouse moved. x: 827 y: 141
1699149856439: Mouse moved. x: 832 y: 137
1699149856450: Mouse moved. x: 834 y: 136
1699149856460: Mouse moved. x: 838 y: 135
1699149856466: Mouse moved. x: 840 y: 134
1699149856477: Mouse moved. x: 845 y: 133
1699149856480: Mouse moved. x: 847 y: 132
1699149856490: Mouse moved. x: 851 y: 129
1699149856502: Mouse moved. x: 855 y: 128
1699149856506: Mouse moved. x: 857 y: 127
1699149856516: Mouse moved. x: 860 y: 126
1699149856522: Mouse moved. x: 863 y: 125
1699149856532: Mouse moved. x: 865 y: 123
1699149856536: Mouse moved. x: 868 y: 121
1699149856546: Mouse moved. x: 872 y: 120
1699149856556: Mouse moved. x: 876 y: 117
1699149856562: Mouse moved. x: 877 y: 117
1699149856572: Mouse moved. x: 879 y: 114
1699149856576: Mouse moved. x: 883 y: 109
1699149856586: Mouse moved. x: 886 y: 107
1699149856596: Mouse moved. x: 905 y: 93
1699149856602: Mouse moved. x: 915 y: 85
1699149856612: Mouse moved. x: 923 y: 77
1699149856617: Mouse moved. x: 937 y: 68
1699149856629: Mouse moved. x: 947 y: 60
1699149856632: Mouse moved. x: 959 y: 51
1699149856642: Mouse moved. x: 967 y: 45
1699149856652: Mouse moved. x: 979 y: 35
1699149856662: Mouse moved. x: 991 y: 22
1699149856667: Mouse moved. x: 1001 y: 12
1699149856672: Mouse moved. x: 1009 y: 6
1699149856682: Mouse moved. x: 1015 y: -2
1699149856692: Mouse moved. x: 1023 y: -8
1699149856698: Mouse moved. x: 1031 y: -8
1699149856708: Mouse moved. x: 1034 y: -3
1699149856713: Mouse moved. x: 1038 y: -7
1699149856722: Mouse moved. x: 1041 y: -3
1699149856734: Mouse moved. x: 1044 y: -2
1699149856737: Mouse moved. x: 1046 y: -4
1699149856764: Mouse moved. x: 1046 y: -1
1699149856788: Mouse moved. x: 1046 y: -1
1699149856794: Mouse moved. x: 1047 y: 0
1699149856803: Mouse moved. x: 1048 y: 0
1699149856808: Mouse moved. x: 1048 y: -1
1699149856890: Mouse moved. x: 1048 y: 1
1699149856900: Mouse moved. x: 1047 y: 2
1699149856904: Mouse moved. x: 1047 y: 3
1699149856914: Mouse moved. x: 1046 y: 5
1699149856924: Mouse moved. x: 1046 y: 6
1699149856930: Mouse moved. x: 1045 y: 7
1699149856939: Mouse moved. x: 1044 y: 9
1699149856954: Mouse moved. x: 1041 y: 12
1699149856967: Mouse moved. x: 1041 y: 13
1699149856986: Mouse moved. x: 1040 y: 13
1699149856996: Mouse moved. x: 1039 y: 13
1699149857000: Mouse moved. x: 1039 y: 14
1699149857009: Mouse moved. x: 1038 y: 14
1699149857357: Mouse moved. x: 1037 y: 15
1699149857368: Mouse moved. x: 1036 y: 15
1699149857393: Mouse moved. x: 1033 y: 16
1699149857408: Mouse moved. x: 1032 y: 16
1699149857417: Mouse moved. x: 1031 y: 16
1699149857424: Mouse moved. x: 1030 y: 17
1699149857450: Mouse moved. x: 1029 y: 17
1699149857464: Mouse moved. x: 1028 y: 17
1699149857712: Mouse moved. x: 1027 y: 17
1699149857736: Mouse moved. x: 1026 y: 17
1699149857762: Mouse moved. x: 1026 y: 17
1699149857768: Mouse moved. x: 1025 y: 17
1699149857783: Mouse moved. x: 1024 y: 17
1699149857808: Mouse moved. x: 1023 y: 17
1699149857818: Mouse moved. x: 1022 y: 17
1699149857833: Mouse moved. x: 1021 y: 17
1699149857858: Mouse moved. x: 1020 y: 17
1699149857862: Mouse moved. x: 1019 y: 17
1699149857877: Mouse moved. x: 1018 y: 17
1699149857904: Mouse moved. x: 1017 y: 17
1699149857929: Mouse moved. x: 1016 y: 17
1699149857938: Mouse moved. x: 1015 y: 17
1699149857954: Mouse moved. x: 1014 y: 17
1699149857978: Mouse moved. x: 1014 y: 17
1699149858014: Mouse moved. x: 1013 y: 17
1699149858033: Mouse moved. x: 1012 y: 17
1699149858060: Key Released: Alt
1699149858064: Mouse moved. x: 1011 y: 17
1699149858076: Key Released: Tab
1699149858092: Mouse moved. x: 1010 y: 17
1699149858115: Mouse moved. x: 1009 y: 17
1699149858136: Mouse moved. x: 1008 y: 17
1699149858146: Mouse moved. x: 1006 y: 17
1699149858149: Mouse moved. x: 1005 y: 17
1699149858160: Mouse moved. x: 1004 y: 17
1699149858169: Mouse moved. x: 1003 y: 17
1699149858176: Mouse moved. x: 1002 y: 17
1699149858186: Mouse moved. x: 1001 y: 17
1699149858190: Mouse moved. x: 1000 y: 17
1699149858201: Mouse moved. x: 1000 y: 17
1699149858210: Mouse moved. x: 999 y: 17
1699149858217: Mouse moved. x: 998 y: 17
1699149858226: Mouse moved. x: 996 y: 17
1699149858232: Mouse moved. x: 995 y: 17
1699149858242: Mouse moved. x: 994 y: 17
1699149858246: Mouse moved. x: 993 y: 17
1699149858256: Mouse moved. x: 991 y: 17
1699149858266: Mouse moved. x: 990 y: 17
1699149858272: Mouse moved. x: 988 y: 17
1699149858282: Mouse moved. x: 986 y: 17
1699149858286: Mouse moved. x: 984 y: 17
1699149858296: Mouse moved. x: 983 y: 17
1699149858302: Mouse moved. x: 981 y: 17
1699149858312: Mouse moved. x: 980 y: 17
1699149858321: Mouse moved. x: 977 y: 18
1699149858325: Mouse moved. x: 975 y: 18
1699149858336: Mouse moved. x: 974 y: 18
1699149858342: Mouse moved. x: 972 y: 18
1699149858351: Mouse moved. x: 971 y: 18
1699149858362: Mouse moved. x: 969 y: 18
1699149858367: Mouse moved. x: 967 y: 18
1699149858377: Mouse moved. x: 966 y: 18
1699149858382: Mouse moved. x: 963 y: 18
1699149858391: Mouse moved. x: 962 y: 18
1699149858401: Mouse moved. x: 960 y: 18
1699149858408: Mouse moved. x: 957 y: 19
1699149858418: Mouse moved. x: 954 y: 19
1699149858421: Mouse moved. x: 952 y: 19
1699149858432: Mouse moved. x: 950 y: 21
1699149858438: Mouse moved. x: 948 y: 22
1699149858448: Mouse moved. x: 947 y: 22
1699149858459: Mouse moved. x: 944 y: 23
1699149858464: Mouse moved. x: 940 y: 24
1699149858474: Mouse moved. x: 938 y: 25
1699149858479: Mouse moved. x: 934 y: 27
1699149858488: Mouse moved. x: 931 y: 29
1699149858498: Mouse moved. x: 927 y: 30
1699149858504: Mouse moved. x: 925 y: 30
1699149858514: Mouse moved. x: 924 y: 31
1699149858517: Mouse moved. x: 922 y: 33
1699149858528: Mouse moved. x: 920 y: 33
1699149858534: Mouse moved. x: 919 y: 34
1699149858544: Mouse moved. x: 917 y: 34
1699149858557: Mouse moved. x: 916 y: 35
1699149858567: Mouse moved. x: 914 y: 36
1699149858574: Mouse moved. x: 913 y: 36
1699149858584: Mouse moved. x: 912 y: 37
1699149858594: Mouse moved. x: 910 y: 37
1699149858610: Mouse moved. x: 909 y: 38
1699149858614: Mouse moved. x: 908 y: 38
1699149858624: Mouse moved. x: 907 y: 39
1699149858640: Mouse moved. x: 905 y: 39
1699149858650: Mouse moved. x: 905 y: 39
1699149858660: Mouse moved. x: 904 y: 39
1699149858670: Mouse moved. x: 904 y: 40
1699149858690: Mouse moved. x: 903 y: 41
1699149858696: Mouse moved. x: 902 y: 41
1699149858711: Mouse moved. x: 901 y: 41
1699149858730: Mouse moved. x: 899 y: 42
1699149858750: Mouse moved. x: 898 y: 42
1699149858760: Mouse moved. x: 898 y: 43
1699149858776: Mouse moved. x: 897 y: 43
1699149858786: Mouse moved. x: 896 y: 43
1699149858802: Mouse moved. x: 896 y: 44
1699149858806: Mouse moved. x: 895 y: 44
1699149858816: Mouse moved. x: 894 y: 44
1699149858832: Mouse moved. x: 894 y: 45
1699149858842: Mouse moved. x: 893 y: 45
1699149858856: Mouse moved. x: 892 y: 46
1699149858882: Mouse moved. x: 892 y: 46
1699149858886: Mouse moved. x: 891 y: 46
1699149858902: Mouse moved. x: 890 y: 46
1699149858928: Mouse moved. x: 889 y: 47
1699149858937: Mouse moved. x: 888 y: 47
1699149858951: Mouse moved. x: 887 y: 48
1699149858978: Mouse moved. x: 886 y: 48
1699149858998: Mouse moved. x: 885 y: 48
1699149859008: Mouse moved. x: 884 y: 48
1699149859022: Mouse moved. x: 884 y: 49
1699149859048: Mouse moved. x: 883 y: 49
1699149859058: Mouse moved. x: 882 y: 49
1699149859074: Mouse moved. x: 881 y: 49
1699149859094: Mouse moved. x: 880 y: 49
1699149859118: Mouse moved. x: 879 y: 50
1699149859145: Mouse moved. x: 879 y: 50
1699149859160: Mouse moved. x: 878 y: 51
1699149859236: Mouse moved. x: 877 y: 51
1699149859236: Mouse moved. x: 876 y: 51
1699149859236: Mouse moved. x: 875 y: 51
1699149859253: Mouse moved. x: 874 y: 52
1699149859261: Key Released: S
1699149859281: Mouse moved. x: 873 y: 52
1699149859306: Mouse moved. x: 872 y: 52
1699149859327: Mouse moved. x: 871 y: 52
1699149859350: Mouse moved. x: 870 y: 52
1699149859366: Mouse moved. x: 869 y: 52
1699149859376: Mouse moved. x: 868 y: 52
1699149859402: Mouse moved. x: 867 y: 52
1699149859426: Mouse moved. x: 867 y: 53
1699149859442: Mouse moved. x: 866 y: 53
1699149859450: Key Released: Ctrl
1699149859456: Mouse moved. x: 865 y: 53
1699149859463: Mouse moved. x: 864 y: 53
1699149859471: Key Released: Shift
1699149859486: Mouse moved. x: 863 y: 53
1699149859502: Mouse moved. x: 862 y: 53
1699149859528: Mouse moved. x: 861 y: 53
1699149859551: Mouse moved. x: 860 y: 53
1699149859568: Mouse moved. x: 859 y: 53
1699149859582: Mouse moved. x: 858 y: 54
1699149859598: Mouse moved. x: 857 y: 55
1699149859608: Mouse moved. x: 856 y: 55
1699149859634: Mouse moved. x: 855 y: 55
1699149859637: Mouse moved. x: 855 y: 55
1699149859654: Mouse moved. x: 854 y: 55
1699149859663: Mouse moved. x: 853 y: 55
1699149859679: Mouse moved. x: 852 y: 55
1699149859688: Mouse moved. x: 850 y: 55
1699149859695: Mouse moved. x: 849 y: 55
1699149859704: Mouse moved. x: 847 y: 55
1699149859714: Mouse moved. x: 845 y: 55
1699149859731: Mouse moved. x: 844 y: 56
1699149859733: Mouse moved. x: 842 y: 56
1699149859744: Mouse moved. x: 841 y: 56
1699149859750: Mouse moved. x: 840 y: 56
1699149859760: Mouse moved. x: 839 y: 56
1699149859774: Mouse moved. x: 838 y: 56
1699149859784: Mouse moved. x: 837 y: 56
1699149859790: Mouse moved. x: 836 y: 56
1699149859800: Mouse moved. x: 835 y: 56
1699149859810: Mouse moved. x: 835 y: 56
1699149859814: Mouse moved. x: 833 y: 56
1699149859823: Mouse moved. x: 832 y: 56
1699149859830: Mouse moved. x: 831 y: 56
1699149859856: Mouse moved. x: 830 y: 56
1699149859870: Mouse moved. x: 829 y: 56
1699149859881: Mouse moved. x: 828 y: 56
1699149859897: Mouse moved. x: 827 y: 56
1699149859926: Mouse moved. x: 826 y: 56
1699149859965: Mouse moved. x: 825 y: 56
1699149860005: Mouse moved. x: 824 y: 56
1699149860032: Mouse moved. x: 823 y: 56
1699149860167: Mouse moved. x: 822 y: 56
1699149860214: Mouse moved. x: 821 y: 56
1699149860287: Mouse moved. x: 821 y: 56
1699149860520: Mouse moved. x: 820 y: 56
1699149877833: Key Released: Ctrl
1699149877833: Key Released: Shift
1699149877833: Key Released: 1
1699149877833: Mouse moved. x: 819 y: 56
1699149877833: Key Released: 1
1699149877833: Key Released: Ctrl
1699149877833: Key Released: Shift
1699149877834: Mouse moved. x: 809 y: 59
1699149877834: Mouse moved. x: 789 y: 63
1699149877834: Mouse moved. x: 768 y: 68
1699149877834: Mouse moved. x: 748 y: 70
1699149877834: Mouse moved. x: 720 y: 71
1699149877834: Mouse moved. x: 698 y: 71
1699149877834: Mouse moved. x: 663 y: 71
1699149877834: Mouse moved. x: 636 y: 71
1699149877834: Mouse moved. x: 600 y: 71
1699149877834: Mouse moved. x: 570 y: 71
1699149877834: Mouse moved. x: 534 y: 71
1699149877834: Mouse moved. x: 507 y: 69
1699149877834: Mouse moved. x: 478 y: 64
1699149877834: Mouse moved. x: 455 y: 61
1699149877834: Mouse moved. x: 434 y: 57
1699149877834: Mouse moved. x: 420 y: 55
1699149877834: Mouse moved. x: 407 y: 53
1699149877834: Mouse moved. x: 395 y: 49
1699149877834: Mouse moved. x: 385 y: 46
1699149877834: Mouse moved. x: 376 y: 41
1699149877834: Mouse moved. x: 367 y: 36
1699149877834: Mouse moved. x: 359 y: 31
1699149877834: Mouse moved. x: 349 y: 27
1699149877834: Mouse moved. x: 342 y: 23
1699149877834: Mouse moved. x: 334 y: 19
1699149877834: Mouse moved. x: 327 y: 16
1699149877834: Mouse moved. x: 317 y: 14
1699149877834: Mouse moved. x: 310 y: 11
1699149877834: Mouse moved. x: 304 y: 9
1699149877834: Mouse moved. x: 297 y: 8
1699149877834: Mouse moved. x: 288 y: 7
1699149877834: Mouse moved. x: 281 y: 6
1699149877834: Mouse moved. x: 273 y: 6
1699149877834: Mouse moved. x: 262 y: 6
1699149877834: Mouse moved. x: 249 y: 7
1699149877834: Mouse moved. x: 238 y: 10
1699149877834: Mouse moved. x: 227 y: 12
1699149877834: Mouse moved. x: 221 y: 14
1699149877834: Mouse moved. x: 212 y: 16
1699149877834: Mouse moved. x: 206 y: 18
1699149877834: Mouse moved. x: 200 y: 21
1699149877834: Mouse moved. x: 194 y: 25
1699149877834: Mouse moved. x: 189 y: 28
1699149877834: Mouse moved. x: 184 y: 30
1699149877834: Mouse moved. x: 180 y: 34
1699149877834: Mouse moved. x: 174 y: 38
1699149877834: Mouse moved. x: 170 y: 41
1699149877834: Mouse moved. x: 167 y: 44
1699149877834: Mouse moved. x: 163 y: 47
1699149877834: Mouse moved. x: 159 y: 50
1699149877834: Mouse moved. x: 155 y: 52
1699149877834: Mouse moved. x: 153 y: 55
1699149877834: Mouse moved. x: 150 y: 56
1699149877834: Mouse moved. x: 147 y: 58
1699149877834: Mouse moved. x: 146 y: 58
1699149877834: Mouse moved. x: 145 y: 59
1699149877834: Mouse moved. x: 145 y: 60
1699149877834: Mouse moved. x: 144 y: 60
1699149877834: Mouse moved. x: 143 y: 60
1699149877834: Mouse moved. x: 143 y: 60
1699149877834: Mouse moved. x: 142 y: 60
1699149877834: Mouse moved. x: 141 y: 60
1699149877834: Mouse moved. x: 141 y: 60
1699149877834: Mouse moved. x: 142 y: 59
1699149877834: Mouse moved. x: 143 y: 59
1699149877834: Mouse moved. x: 145 y: 57
1699149877834: Mouse moved. x: 147 y: 57
1699149877834: Mouse moved. x: 149 y: 56
1699149877834: Mouse moved. x: 152 y: 56
1699149877834: Mouse moved. x: 154 y: 55
1699149877835: Mouse moved. x: 156 y: 55
1699149877835: Mouse moved. x: 160 y: 55
1699149877835: Mouse moved. x: 162 y: 55
1699149877835: Mouse moved. x: 164 y: 54
1699149877835: Mouse moved. x: 168 y: 54
1699149877835: Mouse moved. x: 170 y: 54
1699149877835: Mouse moved. x: 172 y: 54
1699149877835: Mouse moved. x: 173 y: 54
1699149877835: Mouse moved. x: 175 y: 54
1699149877835: Mouse moved. x: 176 y: 54
1699149877835: Mouse moved. x: 178 y: 54
1699149877835: Mouse moved. x: 178 y: 54
1699149877835: Mouse moved. x: 179 y: 54
1699149877835: Mouse moved. x: 181 y: 54
1699149877835: Mouse moved. x: 181 y: 54
1699149877835: Mouse moved. x: 183 y: 55
1699149877835: Mouse moved. x: 184 y: 55
1699149877835: Mouse moved. x: 185 y: 56
1699149877835: Mouse moved. x: 188 y: 58
1699149877835: Mouse moved. x: 189 y: 58
1699149877835: Mouse moved. x: 189 y: 58
1699149877835: Mouse moved. x: 190 y: 58
1699149877835: Mouse moved. x: 191 y: 59
1699149877857: Mouse moved. x: 191 y: 58
1699149877857: Mouse moved. x: 191 y: 57
1699149877857: Mouse moved. x: 191 y: 57
1699149877857: Mouse moved. x: 191 y: 56
1699149877857: Mouse moved. x: 191 y: 56
1699149877857: Mouse moved. x: 191 y: 55
1699149877857: Mouse moved. x: 191 y: 54
1699149877857: Mouse moved. x: 191 y: 53
1699149877857: Mouse moved. x: 191 y: 53
1699149877857: Mouse moved. x: 192 y: 52
1699149877857: Mouse moved. x: 192 y: 52
1699149877857: Mouse moved. x: 192 y: 51
1699149877857: Mouse moved. x: 192 y: 51
1699149877857: Mouse moved. x: 192 y: 50
1699149877857: Mouse moved. x: 193 y: 50
1699149877857: Mouse moved. x: 193 y: 49
1699149877857: Mouse moved. x: 194 y: 49
1699149877857: Mouse moved. x: 194 y: 48
1699149877857: Mouse moved. x: 195 y: 48
1699149877857: Mouse moved. x: 195 y: 48
1699149877857: Mouse moved. x: 195 y: 48
1699149877857: Mouse moved. x: 197 y: 55
1699149877857: Mouse moved. x: 199 y: 66
1699149877857: Mouse moved. x: 201 y: 74
1699149877857: Mouse moved. x: 203 y: 84
1699149877857: Mouse moved. x: 205 y: 93
1699149877857: Mouse moved. x: 206 y: 100
1699149877857: Mouse moved. x: 207 y: 111
1699149877857: Mouse moved. x: 208 y: 120
1699149877857: Mouse moved. x: 208 y: 126
1699149877857: Mouse moved. x: 208 y: 131
1699149877857: Mouse moved. x: 208 y: 133
1699149877857: Mouse moved. x: 208 y: 136
1699149877857: Mouse moved. x: 208 y: 138
1699149877857: Mouse moved. x: 208 y: 139
1699149877857: Mouse moved. x: 208 y: 139
1699149877857: Mouse moved. x: 208 y: 140
1699149877857: Mouse moved. x: 208 y: 141
1699149877857: Mouse moved. x: 206 y: 143
1699149877857: Mouse moved. x: 202 y: 144
1699149877857: Mouse moved. x: 196 y: 144
1699149877857: Mouse moved. x: 184 y: 144
1699149877857: Mouse moved. x: 171 y: 141
1699149877857: Mouse moved. x: 151 y: 136
1699149877857: Mouse moved. x: 136 y: 130
1699149877857: Mouse moved. x: 116 y: 119
1699149877857: Mouse moved. x: 102 y: 111
1699149877857: Mouse moved. x: 79 y: 98
1699149877857: Mouse moved. x: 67 y: 92
1699149877857: Mouse moved. x: 56 y: 86
1699149877857: Mouse moved. x: 47 y: 81
1699149877857: Mouse moved. x: 41 y: 78
1699149877857: Mouse moved. x: 37 y: 76
1699149877857: Mouse moved. x: 35 y: 74
1699149877857: Mouse moved. x: 34 y: 74
1699149877857: Mouse moved. x: 32 y: 73
1699149877857: Mouse moved. x: 30 y: 71
1699149877857: Mouse moved. x: 28 y: 69
1699149877857: Mouse moved. x: 27 y: 68
1699149877857: Mouse moved. x: 26 y: 66
1699149877857: Mouse moved. x: 26 y: 65
1699149877857: Mouse moved. x: 26 y: 64
1699149877857: Mouse moved. x: 26 y: 64
1699149877857: Mouse moved. x: 26 y: 63
1699149877857: Mouse moved. x: 26 y: 62
1699149877857: Mouse moved. x: 26 y: 62
1699149877857: Mouse moved. x: 26 y: 61
1699149877857: Mouse moved. x: 26 y: 60
1699149877857: Mouse moved. x: 26 y: 60
1699149877857: Mouse moved. x: 26 y: 59
1699149877857: Mouse moved. x: 26 y: 59
1699149877857: Mouse moved. x: 26 y: 58
1699149877857: Mouse moved. x: 26 y: 57
1699149877857: Mouse moved. x: 26 y: 56
1699149877857: Mouse moved. x: 26 y: 56
1699149877858: Mouse moved. x: 26 y: 55
1699149877858: Mouse moved. x: 26 y: 55
1699149877858: Mouse moved. x: 26 y: 53
1699149877858: Mouse moved. x: 26 y: 52
1699149877858: Mouse moved. x: 26 y: 50
1699149877858: Mouse moved. x: 26 y: 49
1699149877858: Mouse moved. x: 26 y: 49
1699149877858: Mouse moved. x: 26 y: 48
1699149877858: Mouse moved. x: 26 y: 48
1699149877858: Mouse moved. x: 26 y: 47
1699149877858: Mouse moved. x: 25 y: 47
1699149877862: Key Released: R
1699149877864: Key Released: Shift
1699149877864: Key Released: Ctrl
1699149877865: Mouse moved. x: 29 y: 50
1699149877865: Mouse moved. x: 38 y: 60
1699149877865: Mouse moved. x: 48 y: 70
1699149877865: Mouse moved. x: 57 y: 80
1699149877865: Mouse moved. x: 67 y: 92
1699149877865: Mouse moved. x: 77 y: 104
1699149877865: Mouse moved. x: 86 y: 116
1699149877865: Mouse moved. x: 98 y: 130
1699149877865: Mouse moved. x: 110 y: 145
1699149877865: Mouse moved. x: 120 y: 159
1699149877865: Mouse moved. x: 128 y: 170
1699149877865: Mouse moved. x: 139 y: 184
1699149877865: Mouse moved. x: 151 y: 198
1699149877865: Mouse moved. x: 163 y: 213
1699149877865: Mouse moved. x: 174 y: 225
1699149877865: Mouse moved. x: 185 y: 238
1699149877865: Mouse moved. x: 198 y: 249
1699149877865: Mouse moved. x: 208 y: 256
1699149877865: Mouse moved. x: 219 y: 266
1699149877865: Mouse moved. x: 230 y: 271
1699149877865: Mouse moved. x: 238 y: 277
1699149877865: Mouse moved. x: 248 y: 282
1699149877865: Mouse moved. x: 257 y: 287
1699149877865: Mouse moved. x: 267 y: 292
1699149877865: Mouse moved. x: 278 y: 296
1699149877865: Mouse moved. x: 289 y: 302
1699149877865: Mouse moved. x: 300 y: 306
1699149877865: Mouse moved. x: 311 y: 311
1699149877865: Mouse moved. x: 322 y: 314
1699149877865: Mouse moved. x: 333 y: 318
1699149877865: Mouse moved. x: 346 y: 323
1699149877865: Mouse moved. x: 358 y: 325
1699149877865: Mouse moved. x: 368 y: 325
1699149877865: Mouse moved. x: 379 y: 325
1699149877865: Mouse moved. x: 390 y: 325
1699149877865: Key Released: Alt
1699149877865: Mouse moved. x: 400 y: 325
1699149877865: Mouse moved. x: 409 y: 325
1699149877865: Mouse moved. x: 416 y: 325
1699149877865: Mouse moved. x: 423 y: 325
1699149877865: Mouse moved. x: 428 y: 325
1699149877865: Key Released: Tab
1699149877865: Mouse moved. x: 432 y: 325
1699149877865: Mouse moved. x: 437 y: 325
1699149877865: Mouse moved. x: 441 y: 325
1699149877865: Mouse moved. x: 443 y: 325
1699149877865: Mouse moved. x: 445 y: 325
1699149877865: Mouse moved. x: 447 y: 325
1699149877865: Mouse moved. x: 448 y: 325
1699149877865: Mouse moved. x: 450 y: 325
1699149877865: Mouse moved. x: 450 y: 325
1699149877865: Mouse moved. x: 450 y: 325
1699149877865: Mouse moved. x: 450 y: 326
1699149877865: Mouse moved. x: 450 y: 327
1699149877865: Mouse moved. x: 450 y: 327
1699149877865: Mouse moved. x: 450 y: 328
1699149877865: Mouse moved. x: 450 y: 328
1699149877865: Mouse moved. x: 450 y: 330
1699149877865: Mouse moved. x: 450 y: 330
1699149877865: Mouse moved. x: 450 y: 331
1699149877865: Key Released: T
1699149877865: Key Released: Ctrl
1699149877865: Key Released: T
1699149877865: Key Released: Y
1699149877865: Key Released: P
1699149877865: Key Released: G
1699149877865: Key Released: I
1699149877865: Key Released: N
1699149877865: Key Released: Space
1699149877865: Key Released: F
1699149877865: Key Released: A
1699149877865: Key Released: S
1699149877865: Key Released: T
1699149877865: Key Released: Space
1699149877865: Key Released: T
1699149877865: Key Released: H
1699149877865: Key Released: E
1699149877865: Key Released: N
1699149877865: Key Released: Space
1699149877865: Key Released: T
1699149877865: Key Released: Y
1699149877865: Key Released: P
1699149877865: Key Released: I
1699149877865: Key Released: N
1699149877865: Key Released: G
1699149877865: Key Released: Space
1699149877865: Key Released: S
1699149877865: Key Released: L
1699149877865: Key Released: O
1699149877865: Key Released: W
1699149877865: Mouse moved. x: 276 y: 472
1699149877865: Mouse moved. x: 279 y: 470
1699149877865: Mouse moved. x: 280 y: 467
1699149877865: Mouse moved. x: 282 y: 466
1699149877865: Mouse moved. x: 285 y: 465
1699149877865: Mouse moved. x: 289 y: 460
1699149877865: Mouse moved. x: 291 y: 457
1699149877865: Mouse moved. x: 296 y: 454
1699149877865: Mouse moved. x: 300 y: 450
1699149877866: Mouse moved. x: 304 y: 446
1699149877866: Mouse moved. x: 307 y: 441
1699149877866: Mouse moved. x: 310 y: 437
1699149877866: Mouse moved. x: 314 y: 435
1699149877866: Mouse moved. x: 317 y: 431
1699149877866: Mouse moved. x: 327 y: 425
1699149877866: Mouse moved. x: 340 y: 420
1699149877866: Mouse moved. x: 346 y: 415
1699149877866: Mouse moved. x: 359 y: 407
1699149877866: Mouse moved. x: 369 y: 402
1699149877866: Mouse moved. x: 375 y: 397
1699149877866: Mouse moved. x: 384 y: 394
1699149877866: Mouse moved. x: 385 y: 390
1699149877866: Mouse moved. x: 389 y: 387
1699149877866: Mouse moved. x: 392 y: 381
1699149877866: Mouse moved. x: 395 y: 379
1699149877866: Mouse moved. x: 400 y: 372
1699149877866: Mouse moved. x: 405 y: 366
1699149877866: Mouse moved. x: 411 y: 361
1699149877866: Mouse moved. x: 420 y: 359
1699149877866: Mouse moved. x: 425 y: 354
1699149877866: Mouse moved. x: 430 y: 351
1699149877866: Mouse moved. x: 435 y: 349
1699149877866: Mouse moved. x: 440 y: 345
1699149877866: Mouse moved. x: 445 y: 345
1699149877866: Mouse moved. x: 447 y: 345
1699149877866: Mouse moved. x: 450 y: 342
1699149877866: Mouse moved. x: 452 y: 341
1699149877866: Mouse moved. x: 455 y: 341
1699149877866: Mouse moved. x: 459 y: 339
1699149877866: Mouse moved. x: 461 y: 339
1699149877866: Mouse moved. x: 466 y: 337
1699149877866: Mouse moved. x: 472 y: 335
1699149877866: Mouse moved. x: 477 y: 334
1699149877866: Mouse moved. x: 482 y: 332
1699149877866: Mouse moved. x: 487 y: 331
1699149877866: Mouse moved. x: 496 y: 330
1699149877866: Mouse moved. x: 500 y: 327
1699149877866: Mouse moved. x: 509 y: 325
1699149877866: Mouse moved. x: 511 y: 325
1699149877866: Mouse moved. x: 512 y: 324
1699149877866: Mouse moved. x: 520 y: 321
1699149877866: Mouse moved. x: 527 y: 320
1699149877866: Mouse moved. x: 535 y: 316
1699149877866: Mouse moved. x: 541 y: 314
1699149877866: Mouse moved. x: 547 y: 311
1699149877866: Mouse moved. x: 552 y: 309
1699149877866: Mouse moved. x: 560 y: 305
1699149877866: Mouse moved. x: 565 y: 302
1699149877866: Mouse moved. x: 570 y: 300
1699149877866: Mouse moved. x: 576 y: 297
1699149877866: Mouse moved. x: 581 y: 295
1699149877866: Mouse moved. x: 594 y: 290
1699149877866: Mouse moved. x: 614 y: 282
1699149877866: Mouse moved. x: 622 y: 280
1699149877866: Mouse moved. x: 630 y: 276
1699149877866: Mouse moved. x: 637 y: 274
1699149877866: Mouse moved. x: 645 y: 270
1699149877866: Mouse moved. x: 655 y: 259
1699149877866: Mouse moved. x: 659 y: 255
1699149877866: Mouse moved. x: 666 y: 249
1699149877866: Mouse moved. x: 674 y: 245
1699149877866: Mouse moved. x: 680 y: 239
1699149877866: Mouse moved. x: 685 y: 235
1699149877866: Mouse moved. x: 692 y: 232
1699149877866: Mouse moved. x: 700 y: 229
1699149877866: Mouse moved. x: 710 y: 225
1699149877866: Mouse moved. x: 716 y: 222
1699149877866: Mouse moved. x: 722 y: 220
1699149877866: Mouse moved. x: 725 y: 217
1699149877866: Mouse moved. x: 731 y: 215
1699149877866: Mouse moved. x: 736 y: 210
1699149877866: Mouse moved. x: 742 y: 205
1699149877866: Mouse moved. x: 750 y: 199
1699149877866: Mouse moved. x: 756 y: 194
1699149877866: Mouse moved. x: 760 y: 191
1699149877866: Mouse moved. x: 765 y: 186
1699149877866: Mouse moved. x: 771 y: 180
1699149877866: Mouse moved. x: 779 y: 175
1699149877866: Mouse moved. x: 784 y: 172
1699149877866: Mouse moved. x: 794 y: 166
1699149877866: Mouse moved. x: 801 y: 161
1699149877866: Mouse moved. x: 807 y: 157
1699149877866: Mouse moved. x: 815 y: 150
1699149877866: Mouse moved. x: 817 y: 147
1699149877866: Mouse moved. x: 822 y: 144
1699149877866: Mouse moved. x: 826 y: 140
1699149877866: Mouse moved. x: 831 y: 136
1699149877866: Mouse moved. x: 834 y: 135
1699149877866: Mouse moved. x: 837 y: 135
1699149877866: Mouse moved. x: 840 y: 134
1699149877866: Mouse moved. x: 845 y: 132
1699149877866: Mouse moved. x: 846 y: 131
1699149877866: Mouse moved. x: 850 y: 129
1699149877866: Mouse moved. x: 855 y: 127
1699149877866: Mouse moved. x: 856 y: 126
1699149877866: Mouse moved. x: 860 y: 125
1699149877866: Mouse moved. x: 862 y: 125
1699149877866: Mouse moved. x: 865 y: 122
1699149877866: Mouse moved. x: 867 y: 120
1699149877866: Mouse moved. x: 871 y: 120
1699149877866: Mouse moved. x: 875 y: 116
1699149877866: Mouse moved. x: 876 y: 116
1699149877866: Mouse moved. x: 879 y: 114
1699149877866: Mouse moved. x: 882 y: 109
1699149877866: Mouse moved. x: 885 y: 106
1699149877866: Mouse moved. x: 905 y: 92
1699149877866: Mouse moved. x: 915 y: 85
1699149877866: Mouse moved. x: 922 y: 76
1699149877866: Mouse moved. x: 936 y: 67
1699149877866: Mouse moved. x: 946 y: 60
1699149877866: Mouse moved. x: 959 y: 50
1699149877866: Mouse moved. x: 966 y: 45
1699149877866: Mouse moved. x: 979 y: 35
1699149877866: Mouse moved. x: 990 y: 21
1699149877866: Mouse moved. x: 1000 y: 11
1699149877866: Mouse moved. x: 1009 y: 5
1699149877866: Mouse moved. x: 1015 y: -1
1699149877866: Mouse moved. x: 1022 y: -8
1699149877866: Mouse moved. x: 1030 y: -8
1699149877866: Mouse moved. x: 1034 y: -3
1699149877866: Mouse moved. x: 1037 y: -6
1699149877866: Mouse moved. x: 1040 y: -3
1699149877866: Mouse moved. x: 1044 y: -1
1699149877866: Mouse moved. x: 1045 y: -4
1699149877866: Mouse moved. x: 1045 y: 0
1699149877866: Mouse moved. x: 1045 y: 0
1699149877866: Mouse moved. x: 1046 y: 0
1699149877866: Mouse moved. x: 1047 y: 0
1699149877866: Mouse moved. x: 1047 y: 0
1699149877866: Mouse moved. x: 1047 y: 0
1699149877866: Mouse moved. x: 1046 y: 1
1699149877866: Mouse moved. x: 1046 y: 2
1699149877866: Mouse moved. x: 1045 y: 5
1699149877866: Mouse moved. x: 1045 y: 5
1699149877866: Mouse moved. x: 1045 y: 6
1699149877866: Mouse moved. x: 1044 y: 9
1699149877866: Mouse moved. x: 1040 y: 11
1699149877866: Mouse moved. x: 1040 y: 12
1699149877866: Mouse moved. x: 1040 y: 12
1699149877866: Mouse moved. x: 1039 y: 12
1699149877866: Mouse moved. x: 1039 y: 14
1699149877866: Mouse moved. x: 1037 y: 14
1699149877866: Mouse moved. x: 1036 y: 15
1699149877866: Mouse moved. x: 1035 y: 15
1699149877866: Mouse moved. x: 1032 y: 15
1699149877866: Mouse moved. x: 1031 y: 15
1699149877866: Mouse moved. x: 1030 y: 15
1699149877866: Mouse moved. x: 1030 y: 16
1699149877866: Mouse moved. x: 1029 y: 16
1699149877866: Mouse moved. x: 1027 y: 16
1699149877866: Mouse moved. x: 1026 y: 16
1699149877866: Mouse moved. x: 1025 y: 16
1699149877866: Mouse moved. x: 1025 y: 16
1699149877866: Mouse moved. x: 1025 y: 16
1699149877866: Mouse moved. x: 1024 y: 16
1699149877866: Mouse moved. x: 1022 y: 16
1699149877866: Mouse moved. x: 1021 y: 16
1699149877866: Mouse moved. x: 1020 y: 16
1699149877866: Mouse moved. x: 1020 y: 16
1699149877866: Mouse moved. x: 1019 y: 16
1699149877866: Mouse moved. x: 1017 y: 16
1699149877866: Mouse moved. x: 1016 y: 16
1699149877866: Mouse moved. x: 1015 y: 16
1699149877866: Mouse moved. x: 1015 y: 16
1699149877866: Mouse moved. x: 1014 y: 16
1699149877866: Mouse moved. x: 1014 y: 16
1699149877866: Mouse moved. x: 1012 y: 16
1699149877866: Mouse moved. x: 1011 y: 16
1699149877866: Key Released: Alt
1699149877866: Mouse moved. x: 1010 y: 16
1699149877866: Key Released: Tab
1699149877866: Mouse moved. x: 1010 y: 16
1699149877866: Mouse moved. x: 1009 y: 16
1699149877866: Mouse moved. x: 1007 y: 16
1699149877866: Mouse moved. x: 1005 y: 16
1699149877866: Mouse moved. x: 1005 y: 16
1699149877866: Mouse moved. x: 1004 y: 16
1699149877866: Mouse moved. x: 1002 y: 16
1699149877866: Mouse moved. x: 1001 y: 16
1699149877866: Mouse moved. x: 1000 y: 16
1699149877866: Mouse moved. x: 1000 y: 16
1699149877866: Mouse moved. x: 1000 y: 16
1699149877866: Mouse moved. x: 999 y: 16
1699149877866: Mouse moved. x: 997 y: 16
1699149877866: Mouse moved. x: 995 y: 16
1699149877866: Mouse moved. x: 995 y: 16
1699149877866: Mouse moved. x: 994 y: 16
1699149877866: Mouse moved. x: 992 y: 16
1699149877866: Mouse moved. x: 990 y: 16
1699149877866: Mouse moved. x: 990 y: 16
1699149877866: Mouse moved. x: 987 y: 16
1699149877866: Mouse moved. x: 985 y: 16
1699149877866: Mouse moved. x: 984 y: 16
1699149877866: Mouse moved. x: 982 y: 16
1699149877866: Mouse moved. x: 980 y: 16
1699149877866: Mouse moved. x: 980 y: 16
1699149877866: Mouse moved. x: 976 y: 17
1699149877866: Mouse moved. x: 975 y: 17
1699149877866: Mouse moved. x: 974 y: 17
1699149877866: Mouse moved. x: 971 y: 17
1699149877866: Mouse moved. x: 970 y: 17
1699149877866: Mouse moved. x: 969 y: 17
1699149877866: Mouse moved. x: 966 y: 17
1699149877866: Mouse moved. x: 965 y: 17
1699149877866: Mouse moved. x: 962 y: 17
1699149877866: Mouse moved. x: 961 y: 17
1699149877866: Mouse moved. x: 960 y: 17
1699149877866: Mouse moved. x: 956 y: 19
1699149877866: Mouse moved. x: 954 y: 19
1699149877866: Mouse moved. x: 951 y: 19
1699149877866: Mouse moved. x: 950 y: 20
1699149877866: Mouse moved. x: 947 y: 21
1699149877866: Mouse moved. x: 946 y: 21
1699149877866: Mouse moved. x: 944 y: 22
1699149877867: Mouse moved. x: 940 y: 24
1699149877867: Mouse moved. x: 937 y: 25
1699149877867: Mouse moved. x: 934 y: 26
1699149877867: Mouse moved. x: 930 y: 29
1699149877867: Mouse moved. x: 926 y: 30
1699149877867: Mouse moved. x: 925 y: 30
1699149877867: Mouse moved. x: 924 y: 30
1699149877867: Mouse moved. x: 921 y: 32
1699149877867: Mouse moved. x: 920 y: 32
1699149877867: Mouse moved. x: 919 y: 34
1699149877867: Mouse moved. x: 916 y: 34
1699149877867: Mouse moved. x: 915 y: 35
1699149877867: Mouse moved. x: 914 y: 35
1699149877867: Mouse moved. x: 912 y: 35
1699149877867: Mouse moved. x: 911 y: 36
1699149877867: Mouse moved. x: 910 y: 36
1699149877867: Mouse moved. x: 909 y: 37
1699149877867: Mouse moved. x: 907 y: 37
1699149877867: Mouse moved. x: 906 y: 39
1699149877867: Mouse moved. x: 905 y: 39
1699149877867: Mouse moved. x: 905 y: 39
1699149877867: Mouse moved. x: 904 y: 39
1699149877867: Mouse moved. x: 904 y: 40
1699149877867: Mouse moved. x: 902 y: 40
1699149877867: Mouse moved. x: 901 y: 40
1699149877867: Mouse moved. x: 900 y: 40
1699149877867: Mouse moved. x: 899 y: 41
1699149877867: Mouse moved. x: 897 y: 41
1699149877867: Mouse moved. x: 897 y: 42
1699149877867: Mouse moved. x: 896 y: 42
1699149877867: Mouse moved. x: 895 y: 42
1699149877867: Mouse moved. x: 895 y: 44
1699149877867: Mouse moved. x: 895 y: 44
1699149877867: Mouse moved. x: 894 y: 44
1699149877867: Mouse moved. x: 894 y: 45
1699149877867: Mouse moved. x: 892 y: 45
1699149877867: Mouse moved. x: 891 y: 45
1699149877867: Mouse moved. x: 891 y: 45
1699149877867: Mouse moved. x: 890 y: 45
1699149877867: Mouse moved. x: 890 y: 45
1699149877867: Mouse moved. x: 889 y: 46
1699149877867: Mouse moved. x: 887 y: 46
1699149877867: Mouse moved. x: 886 y: 47
1699149877867: Mouse moved. x: 885 y: 47
1699149877867: Mouse moved. x: 885 y: 47
1699149877867: Mouse moved. x: 884 y: 47
1699149877867: Mouse moved. x: 884 y: 49
1699149877867: Mouse moved. x: 882 y: 49
1699149877867: Mouse moved. x: 881 y: 49
1699149877867: Mouse moved. x: 880 y: 49
1699149877867: Mouse moved. x: 880 y: 49
1699149877867: Mouse moved. x: 879 y: 50
1699149877867: Mouse moved. x: 879 y: 50
1699149877867: Mouse moved. x: 877 y: 50
1699149881076: Mouse moved. x: 879 y: 50
1699149881084: Mouse moved. x: 882 y: 49
1699149881090: Mouse moved. x: 883 y: 49
1699149881100: Mouse moved. x: 885 y: 47
1699149881104: Mouse moved. x: 887 y: 43
1699149881114: Mouse moved. x: 889 y: 41
1699149881124: Mouse moved. x: 891 y: 37
1699149881130: Mouse moved. x: 893 y: 33
1699149881140: Mouse moved. x: 896 y: 28
1699149881144: Mouse moved. x: 897 y: 25
1699149881153: Mouse moved. x: 899 y: 19
1699149881164: Mouse moved. x: 902 y: 14
1699149881170: Mouse moved. x: 902 y: 11
1699149881180: Mouse moved. x: 905 y: 5
1699149881185: Mouse moved. x: 906 y: 0
1699149881196: Mouse moved. x: 909 y: -5
1699149881200: Mouse moved. x: 911 y: -5
1699149881210: Mouse moved. x: 915 y: -4
1699149881220: Mouse moved. x: 919 y: -6
1699149881226: Mouse moved. x: 923 y: -3
1699149881235: Mouse moved. x: 927 y: -6
1699149881240: Mouse moved. x: 933 y: -3
1699149881250: Mouse moved. x: 938 y: -4
1699149881260: Mouse moved. x: 942 y: -2
1699149881266: Mouse moved. x: 944 y: -4
1699149881276: Mouse moved. x: 947 y: -1
1699149881282: Mouse moved. x: 949 y: -4
1699149881292: Mouse moved. x: 953 y: -2
1699149881296: Mouse moved. x: 955 y: -1
1699149881306: Mouse moved. x: 957 y: -2
1699149881316: Mouse moved. x: 961 y: -2
1699149881322: Mouse moved. x: 964 y: -2
1699149881332: Mouse moved. x: 970 y: -3
1699149881336: Mouse moved. x: 973 y: -2
1699149881341: Key Released: Alt
1699149881347: Mouse moved. x: 977 y: -3
1699149881351: Key Released: Undefined
1699149881356: Mouse moved. x: 980 y: -2
1699149881362: Mouse moved. x: 984 y: -1
1699149881372: Mouse moved. x: 989 y: -3
1699149881376: Mouse moved. x: 991 y: -1
1699149881386: Mouse moved. x: 996 y: 0
1699149881392: Mouse moved. x: 1000 y: -1
1699149881401: Mouse moved. x: 1002 y: -1
1699149881411: Mouse moved. x: 1004 y: -2
1699149881417: Mouse moved. x: 1006 y: 0
1699149881427: Mouse moved. x: 1009 y: -1
1699149881431: Mouse moved. x: 1010 y: 0
1699149881441: Mouse moved. x: 1010 y: -1
1699149881452: Mouse moved. x: 1013 y: -2
1699149881457: Mouse moved. x: 1015 y: -1
1699149881467: Mouse moved. x: 1015 y: -1
1699149881472: Mouse moved. x: 1017 y: -1
1699149881482: Mouse moved. x: 1018 y: -2
1699149881488: Mouse moved. x: 1018 y: -1
1699149881498: Mouse moved. x: 1019 y: -1
1699149881515: Mouse moved. x: 1019 y: -1
1699149881523: Mouse moved. x: 1020 y: 0
1699149881634: Mouse moved. x: 1013 y: -1
1699149881644: Mouse moved. x: 998 y: -2
1699149881650: Mouse moved. x: 971 y: -2
1699149881660: Mouse moved. x: 947 y: -1
1699149881664: Mouse moved. x: 911 y: -3
1699149881674: Mouse moved. x: 854 y: 0
1699149881684: Mouse moved. x: 809 y: 0
1699149881690: Mouse moved. x: 752 y: 0
1699149881699: Mouse moved. x: 728 y: 1
1699149881703: Mouse moved. x: 713 y: 3
1699149881714: Mouse moved. x: 697 y: 6
1699149881724: Mouse moved. x: 690 y: 8
1699149881730: Mouse moved. x: 679 y: 8
1699149881740: Mouse moved. x: 676 y: 9
1699149881746: Mouse moved. x: 671 y: 9
1699149881755: Mouse moved. x: 664 y: 9
1699149881760: Mouse moved. x: 659 y: 9
1699149881770: Mouse moved. x: 653 y: 9
1699149881780: Mouse moved. x: 648 y: 10
1699149881786: Mouse moved. x: 644 y: 10
1699149881796: Mouse moved. x: 638 y: 12
1699149881799: Mouse moved. x: 620 y: 15
1699149881809: Mouse moved. x: 603 y: 19
1699149881819: Mouse moved. x: 593 y: 23
1699149881825: Mouse moved. x: 584 y: 27
1699149881836: Mouse moved. x: 578 y: 29
1699149881840: Mouse moved. x: 575 y: 32
1699149881852: Mouse moved. x: 575 y: 33
1699149881922: Mouse moved. x: 574 y: 35
1699149881932: Mouse moved. x: 573 y: 36
1699149881935: Mouse moved. x: 573 y: 37
1699149881946: Mouse moved. x: 569 y: 39
1699149881952: Mouse moved. x: 567 y: 42
1699149881962: Mouse moved. x: 565 y: 46
1699149881972: Mouse moved. x: 557 y: 55
1699149881979: Mouse moved. x: 551 y: 65
1699149881987: Mouse moved. x: 544 y: 76
1699149881995: Mouse moved. x: 535 y: 94
1699149882002: Mouse moved. x: 526 y: 110
1699149882012: Mouse moved. x: 519 y: 128
1699149882017: Mouse moved. x: 514 y: 142
1699149882028: Mouse moved. x: 506 y: 162
1699149882032: Mouse moved. x: 501 y: 176
1699149882042: Mouse moved. x: 498 y: 185
1699149882048: Mouse moved. x: 495 y: 192
1699149882058: Mouse moved. x: 494 y: 196
1699149882068: Mouse moved. x: 494 y: 199
1699149882078: Mouse Dragged:494,200
1699149882081: Mouse Dragged:494,201
1699149882210: Mouse moved. x: 495 y: 201
1699149882223: Mouse moved. x: 504 y: 194
1699149882233: Mouse moved. x: 516 y: 189
1699149882245: Mouse moved. x: 526 y: 181
1699149882249: Mouse moved. x: 535 y: 177
1699149882260: Mouse moved. x: 549 y: 169
1699149882264: Mouse moved. x: 559 y: 160
1699149882274: Mouse moved. x: 573 y: 152
1699149882280: Mouse moved. x: 583 y: 145
1699149882290: Mouse moved. x: 592 y: 139
1699149882300: Mouse moved. x: 609 y: 128
1699149882304: Mouse moved. x: 620 y: 121
1699149882316: Mouse moved. x: 632 y: 114
1699149882320: Mouse moved. x: 642 y: 110
1699149882331: Mouse moved. x: 649 y: 105
1699149882340: Mouse moved. x: 661 y: 98
1699149882346: Mouse moved. x: 667 y: 94
1699149882357: Mouse moved. x: 674 y: 91
1699149882363: Mouse moved. x: 678 y: 89
1699149882370: Mouse moved. x: 681 y: 86
1699149882381: Mouse moved. x: 684 y: 85
1699149882386: Mouse moved. x: 686 y: 83
1699149882396: Mouse moved. x: 690 y: 80
1699149882400: Mouse moved. x: 690 y: 80
1699149882410: Mouse moved. x: 691 y: 79
1699149882416: Mouse moved. x: 692 y: 77
1699149882425: Mouse moved. x: 695 y: 74
1699149882436: Mouse moved. x: 698 y: 71
1699149882442: Mouse moved. x: 702 y: 67
1699149882451: Mouse moved. x: 708 y: 61
1699149882455: Mouse moved. x: 714 y: 55
1699149882465: Mouse moved. x: 718 y: 51
1699149882476: Mouse moved. x: 721 y: 49
1699149882482: Mouse moved. x: 727 y: 43
1699149882492: Mouse moved. x: 737 y: 33
1699149882496: Mouse moved. x: 738 y: 31
1699149882608: Mouse moved. x: 738 y: 29
1699149882618: Mouse moved. x: 738 y: 28
1699149882628: Mouse moved. x: 737 y: 26
1699149882632: Mouse moved. x: 737 y: 24
1699149882648: Mouse moved. x: 737 y: 23
1699149882658: Mouse moved. x: 737 y: 22
1699149882673: Mouse moved. x: 736 y: 21
1699149882684: Mouse moved. x: 736 y: 20
1699149882699: Mouse moved. x: 735 y: 20
1699149882724: Mouse moved. x: 735 y: 19
