1701196327420: Mouse moved. x: 828 y: 384
1701196327426: Mouse moved. x: 813 y: 400
1701196327434: Mouse moved. x: 794 y: 418
1701196327440: Mouse moved. x: 766 y: 441
1701196327448: Mouse moved. x: 744 y: 456
1701196327455: Mouse moved. x: 718 y: 473
1701196327462: Mouse moved. x: 697 y: 484
1701196327470: Mouse moved. x: 674 y: 494
1701196327477: Mouse moved. x: 654 y: 500
1701196327484: Mouse moved. x: 640 y: 505
1701196327491: Mouse moved. x: 627 y: 507
1701196327499: Mouse moved. x: 615 y: 508
1701196327506: Mouse moved. x: 608 y: 508
1701196327514: Mouse moved. x: 599 y: 508
1701196327521: Mouse moved. x: 592 y: 506
1701196327527: Mouse moved. x: 586 y: 501
1701196327535: Mouse moved. x: 578 y: 493
1701196327542: Mouse moved. x: 571 y: 482
1701196327549: Mouse moved. x: 565 y: 468
1701196327556: Mouse moved. x: 558 y: 448
1701196327563: Mouse moved. x: 556 y: 430
1701196327570: Mouse moved. x: 555 y: 410
1701196327578: Mouse moved. x: 555 y: 380
1701196327585: Mouse moved. x: 555 y: 355
1701196327592: Mouse moved. x: 558 y: 332
1701196327599: Mouse moved. x: 564 y: 311
1701196327606: Mouse moved. x: 568 y: 287
1701196327614: Mouse moved. x: 572 y: 268
1701196327621: Mouse moved. x: 579 y: 251
1701196327628: Mouse moved. x: 583 y: 240
1701196327635: Mouse moved. x: 589 y: 230
1701196327642: Mouse moved. x: 593 y: 222
1701196327650: Mouse moved. x: 600 y: 214
1701196327657: Mouse moved. x: 610 y: 205
1701196327663: Mouse moved. x: 622 y: 197
1701196327671: Mouse moved. x: 633 y: 194
1701196327678: Mouse moved. x: 643 y: 192
1701196327685: Mouse moved. x: 654 y: 192
1701196327693: Mouse moved. x: 665 y: 193
1701196327700: Mouse moved. x: 676 y: 196
1701196327708: Mouse moved. x: 689 y: 203
1701196327714: Mouse moved. x: 700 y: 209
1701196327722: Mouse moved. x: 711 y: 218
1701196327730: Mouse moved. x: 724 y: 231
1701196327737: Mouse moved. x: 738 y: 248
1701196327743: Mouse moved. x: 755 y: 275
1701196327757: Mouse moved. x: 780 y: 322
1701196327767: Mouse moved. x: 793 y: 346
1701196327775: Mouse moved. x: 804 y: 369
1701196327779: Mouse moved. x: 813 y: 392
1701196327787: Mouse moved. x: 820 y: 412
1701196327794: Mouse moved. x: 825 y: 431
1701196327801: Mouse moved. x: 831 y: 452
1701196327808: Mouse moved. x: 837 y: 472
1701196327815: Mouse moved. x: 844 y: 487
1701196327823: Mouse moved. x: 850 y: 509
1701196327829: Mouse moved. x: 856 y: 521
1701196327837: Mouse moved. x: 860 y: 535
1701196327844: Mouse moved. x: 866 y: 547
1701196327852: Mouse moved. x: 869 y: 558
1701196327858: Mouse moved. x: 873 y: 569
1701196327866: Mouse moved. x: 877 y: 576
1701196327873: Mouse moved. x: 880 y: 582
1701196327880: Mouse moved. x: 882 y: 589
1701196327887: Mouse moved. x: 883 y: 595
1701196327894: Mouse moved. x: 883 y: 597
1701196327902: Mouse moved. x: 885 y: 599
1701196327909: Mouse moved. x: 885 y: 601
1701196327916: Mouse moved. x: 885 y: 602
1701196327924: Mouse moved. x: 885 y: 603
1701196327930: Mouse moved. x: 885 y: 603
1701196327937: Mouse moved. x: 885 y: 604
1701196327945: Mouse moved. x: 885 y: 604
1701196327952: Mouse moved. x: 885 y: 605
1701196327959: Mouse moved. x: 885 y: 606
1701196327966: Mouse moved. x: 885 y: 608
1701196327973: Mouse moved. x: 885 y: 609
1701196327980: Mouse moved. x: 885 y: 610
1701196327987: Mouse moved. x: 885 y: 611
1701196327994: Mouse moved. x: 885 y: 611
1701196328002: Mouse moved. x: 885 y: 612
1701196328009: Mouse moved. x: 885 y: 612
1701196328016: Mouse moved. x: 885 y: 613
1701196328045: Mouse moved. x: 885 y: 614
1701196328067: Mouse moved. x: 885 y: 615
1701196328081: Mouse moved. x: 885 y: 615
1701196328096: Mouse moved. x: 885 y: 616
1701196328110: Mouse moved. x: 885 y: 616
1701196328756: Key Released: J
1701196329037: Key Released: N
1701196329066: Key Released: A
1701196329094: Key Released: R
1701196329212: Key Released: I
1701196329476: Key Released: V
1701196329526: Key Released: E
1701196329821: Key Released: Backspace
1701196329985: Key Released: Backspace
1701196330134: Key Released: Backspace
1701196330301: Key Released: Backspace
1701196330441: Key Released: T
1701196330556: Key Released: I
1701196330780: Key Released: V
1701196330800: Key Released: E
1701196331049: Key Released: H
1701196331257: Key Released: O
1701196331523: Key Released: O
1701196331632: Key Released: K
1701196331792: Key Released: Space
1701196331805: Key Released: D
1701196332036: Key Released: E
1701196332141: Key Released: F
1701196332231: Key Released: A
1701196332354: Key Released: U
1701196332404: Key Released: L
1701196332531: Key Released: T
1701196332588: Key Released: Space
1701196332783: Key Released: P
1701196332845: Key Released: O
1701196332867: Key Released: I
1701196333061: Key Released: N
1701196333182: Key Released: T
1701196333272: Key Released: Space
1701196333368: Key Released: E
1701196333374: Key Released: S
1701196333431: Key Released: N
1701196333587: Key Released: S
1701196333662: Key Released: I
1701196333753: Key Released: T
1701196333857: Key Released: I
1701196334017: Key Released: V
1701196334112: Key Released: I
1701196334208: Key Released: T
1701196334361: Key Released: Y
1701196334559: Key Released: Enter
1701196341172: Mouse moved. x: 877 y: 623
1701196341178: Mouse moved. x: 862 y: 637
1701196341179: Mouse moved. x: 840 y: 653
1701196341187: Mouse moved. x: 816 y: 667
1701196341198: Mouse moved. x: 791 y: 683
1701196341203: Mouse moved. x: 760 y: 699
1701196341212: Mouse moved. x: 737 y: 710
1701196341221: Mouse moved. x: 703 y: 728
1701196341226: Mouse moved. x: 671 y: 742
1701196341233: Mouse moved. x: 641 y: 754
1701196341238: Mouse moved. x: 610 y: 766
1701196341249: Mouse moved. x: 582 y: 777
1701196341256: Mouse moved. x: 553 y: 784
1701196341265: Mouse moved. x: 531 y: 790
1701196341269: Mouse moved. x: 512 y: 794
1701196341276: Mouse moved. x: 499 y: 797
1701196341291: Mouse moved. x: 476 y: 800
1701196341300: Mouse moved. x: 469 y: 802
1701196341307: Mouse moved. x: 462 y: 803
1701196341316: Mouse moved. x: 457 y: 803
1701196341322: Mouse moved. x: 451 y: 803
1701196341323: Mouse moved. x: 448 y: 803
1701196341332: Mouse moved. x: 444 y: 803
1701196341340: Mouse moved. x: 442 y: 803
1701196341348: Mouse moved. x: 440 y: 803
1701196341356: Mouse moved. x: 437 y: 803
1701196341365: Mouse moved. x: 435 y: 802
1701196341372: Mouse moved. x: 433 y: 802
1701196341379: Mouse moved. x: 430 y: 801
1701196341381: Mouse moved. x: 429 y: 801
1701196341389: Mouse moved. x: 428 y: 801
1701196341397: Mouse moved. x: 426 y: 801
1701196341405: Mouse moved. x: 425 y: 800
1701196341415: Mouse moved. x: 423 y: 800
1701196341421: Mouse moved. x: 422 y: 800
1701196341430: Mouse moved. x: 421 y: 800
1701196341431: Mouse moved. x: 420 y: 800
1701196341441: Mouse moved. x: 420 y: 800
1701196341451: Mouse moved. x: 419 y: 800
1701196341458: Mouse moved. x: 419 y: 800
1701196341465: Mouse moved. x: 418 y: 800
1701196341482: Mouse moved. x: 417 y: 800
1701196341506: Mouse moved. x: 416 y: 800
1701196341515: Mouse moved. x: 416 y: 800
1701196341522: Mouse moved. x: 415 y: 800
1701196341530: Mouse moved. x: 415 y: 801
1701196341533: Mouse moved. x: 414 y: 804
1701196341533: Mouse moved. x: 413 y: 805
1701196341548: Mouse moved. x: 413 y: 807
1701196341555: Mouse moved. x: 412 y: 810
1701196341563: Mouse moved. x: 412 y: 813
1701196341571: Mouse moved. x: 411 y: 815
1701196341579: Mouse moved. x: 411 y: 818
1701196341588: Mouse moved. x: 411 y: 819
1701196341595: Mouse moved. x: 411 y: 820
1701196341599: Mouse moved. x: 411 y: 820
1701196341604: Mouse moved. x: 411 y: 821
1701196341612: Mouse moved. x: 411 y: 821
1701196341622: Mouse moved. x: 411 y: 822
1701196341637: Mouse moved. x: 411 y: 823
1701196341653: Mouse moved. x: 410 y: 823
1701196341666: Mouse moved. x: 410 y: 824
1701196341706: Mouse moved. x: 410 y: 824
1701196346132: Key Released: Ctrl
1701196346133: Key Released: F
1701196346457: Key Released: S
1701196346500: Key Released: E
1701196346600: Key Released: N
1701196346701: Key Released: S
1701196346799: Key Released: I
1701196346910: Key Released: T
1701196347024: Key Released: I
1701196358767: Key Released: Tab
1701196359076: Key Released: Alt
1701196368310: Mouse moved. x: 403 y: 823
1701196368320: Mouse moved. x: 396 y: 820
1701196368327: Mouse moved. x: 386 y: 813
1701196368336: Mouse moved. x: 376 y: 804
1701196368339: Mouse moved. x: 364 y: 785
1701196368351: Mouse moved. x: 351 y: 759
1701196368356: Mouse moved. x: 343 y: 732
1701196368364: Mouse moved. x: 333 y: 704
1701196368368: Mouse moved. x: 324 y: 664
1701196368375: Mouse moved. x: 316 y: 637
1701196368384: Mouse moved. x: 313 y: 603
1701196368392: Mouse moved. x: 309 y: 570
1701196368401: Mouse moved. x: 309 y: 537
1701196368408: Mouse moved. x: 309 y: 515
1701196368414: Mouse moved. x: 313 y: 481
1701196368417: Mouse moved. x: 316 y: 466
1701196368428: Mouse moved. x: 323 y: 446
1701196368437: Mouse moved. x: 325 y: 436
1701196368442: Mouse moved. x: 328 y: 431
1701196368447: Mouse moved. x: 331 y: 426
1701196368456: Mouse moved. x: 331 y: 425
1701196368465: Mouse moved. x: 331 y: 423
1701196368742: Mouse moved. x: 327 y: 409
1701196368754: Mouse moved. x: 319 y: 392
1701196368760: Mouse moved. x: 313 y: 372
1701196368768: Mouse moved. x: 307 y: 355
1701196368769: Mouse moved. x: 303 y: 339
1701196368780: Mouse moved. x: 298 y: 320
1701196368785: Mouse moved. x: 293 y: 308
1701196368797: Mouse moved. x: 290 y: 296
1701196368797: Mouse moved. x: 287 y: 286
1701196368810: Mouse moved. x: 284 y: 278
1701196368810: Mouse moved. x: 280 y: 269
1701196368824: Mouse moved. x: 279 y: 263
1701196368830: Mouse moved. x: 279 y: 261
1701196368830: Mouse moved. x: 278 y: 260
1701196368840: Mouse moved. x: 277 y: 259
1701196368840: Mouse moved. x: 277 y: 258
1701196368856: Mouse moved. x: 277 y: 257
1701196368856: Mouse moved. x: 277 y: 257
1701196368872: Mouse moved. x: 276 y: 257
1701196368934: Mouse moved. x: 276 y: 257
1701196368950: Mouse moved. x: 276 y: 257
1701196368950: Mouse moved. x: 276 y: 257
1701196370152: Key Released: R
1701196370241: Key Released: Shift
1701196370288: Key Released: Ctrl
1701196371471: Mouse moved. x: 271 y: 255
1701196371471: Mouse moved. x: 260 y: 250
1701196371486: Mouse moved. x: 243 y: 239
1701196371486: Mouse moved. x: 226 y: 226
1701196371486: Mouse moved. x: 204 y: 213
1701196371502: Mouse moved. x: 187 y: 198
1701196371502: Mouse moved. x: 159 y: 175
1701196371517: Mouse moved. x: 131 y: 153
1701196371517: Mouse moved. x: 99 y: 119
1701196371536: Mouse moved. x: 67 y: 85
1701196371536: Mouse moved. x: 41 y: 54
1701196371549: Mouse moved. x: 6 y: 15
1701196371549: Mouse moved. x: -26 y: -17
1701196371566: Mouse moved. x: -23 y: -33
1701196371566: Mouse moved. x: -24 y: -33
1701196371581: Mouse moved. x: -25 y: -37
1701196371581: Mouse moved. x: -13 y: -20
1701196371581: Mouse moved. x: -13 y: -28
1701196371597: Mouse moved. x: -11 y: -14
1701196371597: Mouse moved. x: -15 y: -22
1701196371612: Mouse moved. x: -11 y: -14
1701196371612: Mouse moved. x: -10 y: -17
1701196371628: Mouse moved. x: -6 y: -11
1701196371636: Mouse moved. x: -4 y: -6
1701196371645: Mouse moved. x: -3 y: -6
1701196371645: Mouse moved. x: -3 y: -5
1701196371660: Mouse moved. x: -4 y: -4
1701196371660: Mouse moved. x: -1 y: -3
1701196371660: Mouse moved. x: -1 y: -2
1701196371676: Mouse moved. x: -1 y: -2
1701196371676: Mouse moved. x: 0 y: -1
1701196371691: Mouse moved. x: -1 y: -1
1701196371691: Mouse moved. x: 0 y: 0
1701196371707: Mouse moved. x: 0 y: -1
1701196371911: Mouse moved. x: 0 y: 0
1701196373094: Mouse moved. x: 26 y: -18
1701196373094: Mouse moved. x: 88 y: -38
1701196373110: Mouse moved. x: 144 y: -31
1701196373110: Mouse moved. x: 208 y: -34
1701196373125: Mouse moved. x: 283 y: -40
1701196373125: Mouse moved. x: 360 y: -35
1701196373139: Mouse moved. x: 442 y: -38
1701196373141: Mouse moved. x: 527 y: -40
1701196373141: Mouse moved. x: 617 y: -38
1701196373157: Mouse moved. x: 707 y: -41
1701196373157: Mouse moved. x: 806 y: -46
1701196373173: Mouse moved. x: 909 y: -50
1701196373173: Mouse moved. x: 1024 y: -54
1701196373188: Mouse moved. x: 1139 y: -54
1701196373197: Mouse moved. x: 1256 y: -52
1701196373206: Mouse moved. x: 1367 y: -48
1701196373206: Mouse moved. x: 1479 y: -47
1701196373206: Mouse moved. x: 1590 y: -44
1701196373221: Mouse moved. x: 1701 y: -44
1701196373221: Mouse moved. x: 1810 y: -44
1701196373239: Mouse moved. x: 1913 y: -39
1701196373247: Mouse moved. x: 2017 y: -41
1701196373253: Mouse moved. x: 2014 y: -41
1701196373263: Mouse moved. x: 2012 y: -38
1701196373268: Mouse moved. x: 1992 y: -31
1701196373268: Mouse moved. x: 1964 y: -19
1701196373281: Mouse moved. x: 1929 y: -6
1701196373287: Mouse moved. x: 1925 y: -3
1701196373297: Mouse moved. x: 1919 y: 0
1701196373301: Mouse moved. x: 1920 y: 0
1701196373982: Mouse moved. x: 1925 y: 15
1701196373982: Mouse moved. x: 1936 y: 54
1701196373997: Mouse moved. x: 1934 y: 93
1701196373997: Mouse moved. x: 1936 y: 139
1701196374009: Mouse moved. x: 1934 y: 178
1701196374017: Mouse moved. x: 1941 y: 231
1701196374017: Mouse moved. x: 1931 y: 281
1701196374031: Mouse moved. x: 1932 y: 330
1701196374034: Mouse moved. x: 1934 y: 389
1701196374046: Mouse moved. x: 1928 y: 442
1701196374053: Mouse moved. x: 1932 y: 501
1701196374061: Mouse moved. x: 1929 y: 560
1701196374069: Mouse moved. x: 1933 y: 616
1701196374073: Mouse moved. x: 1933 y: 675
1701196374078: Mouse moved. x: 1931 y: 739
1701196374087: Mouse moved. x: 1932 y: 798
1701196374097: Mouse moved. x: 1929 y: 862
1701196374104: Mouse moved. x: 1929 y: 920
1701196374108: Mouse moved. x: 1925 y: 983
1701196374113: Mouse moved. x: 1925 y: 1041
1701196374121: Mouse moved. x: 1927 y: 1105
1701196374132: Mouse moved. x: 1925 y: 1139
1701196374142: Mouse moved. x: 1923 y: 1142
1701196374147: Mouse moved. x: 1927 y: 1140
1701196374153: Mouse moved. x: 1928 y: 1142
1701196374161: Mouse moved. x: 1925 y: 1137
1701196374169: Mouse moved. x: 1929 y: 1138
1701196374180: Mouse moved. x: 1920 y: 1120
1701196374182: Mouse moved. x: 1924 y: 1102
1701196374185: Mouse moved. x: 1920 y: 1090
1701196374196: Mouse moved. x: 1919 y: 1082
1701196374196: Mouse moved. x: 1919 y: 1080
1701196374210: Mouse moved. x: 1919 y: 1081
1701196374210: Mouse moved. x: 1919 y: 1079
1701196374225: Mouse moved. x: 1919 y: 1080
1701196374818: Mouse moved. x: 1900 y: 1084
1701196374818: Mouse moved. x: 1854 y: 1093
1701196374833: Mouse moved. x: 1810 y: 1092
1701196374842: Mouse moved. x: 1759 y: 1097
1701196374848: Mouse moved. x: 1709 y: 1097
1701196374848: Mouse moved. x: 1652 y: 1097
1701196374864: Mouse moved. x: 1590 y: 1100
1701196374864: Mouse moved. x: 1522 y: 1100
1701196374879: Mouse moved. x: 1444 y: 1103
1701196374879: Mouse moved. x: 1365 y: 1105
1701196374895: Mouse moved. x: 1273 y: 1108
1701196374895: Mouse moved. x: 1176 y: 1106
1701196374911: Mouse moved. x: 1076 y: 1107
1701196374911: Mouse moved. x: 969 y: 1111
1701196374911: Mouse moved. x: 855 y: 1111
1701196374926: Mouse moved. x: 761 y: 1108
1701196374926: Mouse moved. x: 694 y: 1096
1701196374942: Mouse moved. x: 672 y: 1085
1701196374942: Mouse moved. x: 665 y: 1080
1701196374958: Mouse moved. x: 664 y: 1080
1701196374958: Mouse moved. x: 663 y: 1079
1701196374976: Mouse moved. x: 663 y: 1079
1701196376196: Mouse moved. x: 627 y: 1086
1701196376207: Mouse moved. x: 570 y: 1093
1701196376207: Mouse moved. x: 511 y: 1093
1701196376223: Mouse moved. x: 455 y: 1093
1701196376223: Mouse moved. x: 406 y: 1091
1701196376239: Mouse moved. x: 353 y: 1089
1701196376244: Mouse moved. x: 310 y: 1090
1701196376255: Mouse moved. x: 265 y: 1088
1701196376257: Mouse moved. x: 227 y: 1090
1701196376257: Mouse moved. x: 194 y: 1088
1701196376271: Mouse moved. x: 168 y: 1085
1701196376271: Mouse moved. x: 152 y: 1081
1701196376286: Mouse moved. x: 139 y: 1080
1701196376286: Mouse moved. x: 128 y: 1079
1701196376302: Mouse moved. x: 118 y: 1079
1701196376302: Mouse moved. x: 112 y: 1077
1701196376319: Mouse moved. x: 102 y: 1073
1701196376319: Mouse moved. x: 96 y: 1071
1701196376333: Mouse moved. x: 94 y: 1070
1701196376333: Mouse moved. x: 91 y: 1068
1701196376344: Mouse moved. x: 89 y: 1067
1701196376349: Mouse moved. x: 87 y: 1065
1701196376349: Mouse moved. x: 87 y: 1065
1701196376365: Mouse moved. x: 86 y: 1064
1701196376365: Mouse moved. x: 85 y: 1063
1701196376381: Mouse moved. x: 83 y: 1063
1701196376381: Mouse moved. x: 83 y: 1062
1701196376412: Mouse moved. x: 83 y: 1062
1701196376444: Mouse moved. x: 83 y: 1061
1701196376492: Mouse moved. x: 83 y: 1061
1701196376507: Mouse moved. x: 83 y: 1061
1701196376522: Mouse moved. x: 84 y: 1061
1701196376522: Mouse moved. x: 85 y: 1061
1701196376522: Mouse moved. x: 85 y: 1061
1701196376538: Mouse moved. x: 86 y: 1061
1701196376554: Mouse moved. x: 87 y: 1061
1701196376570: Mouse moved. x: 87 y: 1061
1701196376601: Mouse moved. x: 88 y: 1061
1701196376617: Mouse moved. x: 88 y: 1059
1701196376814: Mouse moved. x: 88 y: 1059
1701196376846: Mouse moved. x: 88 y: 1058
1701196376858: Mouse moved. x: 88 y: 1058
1701196376879: Mouse moved. x: 89 y: 1058
1701196376910: Mouse moved. x: 90 y: 1058
1701196376945: Mouse moved. x: 90 y: 1058
1701196376945: Mouse moved. x: 91 y: 1057
1701196376958: Mouse moved. x: 91 y: 1056
1701196377246: Mouse moved. x: 78 y: 1056
1701196377246: Mouse moved. x: 46 y: 1061
1701196377258: Mouse moved. x: 17 y: 1068
1701196377258: Mouse moved. x: -10 y: 1076
1701196377273: Mouse moved. x: -30 y: 1082
1701196377273: Mouse moved. x: -30 y: 1091
1701196377289: Mouse moved. x: -26 y: 1091
1701196377289: Mouse moved. x: -20 y: 1087
1701196377305: Mouse moved. x: -22 y: 1093
1701196377305: Mouse moved. x: -23 y: 1092
1701196377320: Mouse moved. x: -13 y: 1086
1701196377320: Mouse moved. x: -13 y: 1085
1701196377320: Mouse moved. x: -12 y: 1084
1701196377336: Mouse moved. x: -7 y: 1082
1701196377346: Mouse moved. x: -6 y: 1081
1701196377353: Mouse moved. x: -10 y: 1082
1701196377353: Mouse moved. x: -7 y: 1082
1701196377368: Mouse moved. x: -6 y: 1081
1701196377368: Mouse moved. x: -3 y: 1080
1701196377383: Mouse moved. x: -3 y: 1080
1701196377383: Mouse moved. x: -3 y: 1080
1701196377400: Mouse moved. x: -1 y: 1079
1701196377400: Mouse moved. x: -1 y: 1079
1701196377400: Mouse moved. x: -1 y: 1079
1701196377415: Mouse moved. x: -1 y: 1079
1701196377415: Mouse moved. x: -1 y: 1079
1701196377432: Mouse moved. x: 0 y: 1079
1701196377432: Mouse moved. x: -1 y: 1079
1701196377446: Mouse moved. x: -1 y: 1079
1701196377478: Mouse moved. x: 0 y: 1079
1701196377666: Mouse moved. x: 1 y: 1079
1701196377666: Mouse moved. x: 9 y: 1076
1701196377683: Mouse moved. x: 23 y: 1065
1701196377683: Mouse moved. x: 56 y: 1043
1701196377698: Mouse moved. x: 86 y: 1020
1701196377698: Mouse moved. x: 119 y: 992
1701196377712: Mouse moved. x: 174 y: 952
1701196377720: Mouse moved. x: 207 y: 928
1701196377728: Mouse moved. x: 269 y: 888
1701196377737: Mouse moved. x: 323 y: 853
1701196377742: Mouse moved. x: 382 y: 812
1701196377747: Mouse moved. x: 439 y: 774
1701196377756: Mouse moved. x: 498 y: 739
1701196377764: Mouse moved. x: 560 y: 700
1701196377771: Mouse moved. x: 621 y: 662
1701196377780: Mouse moved. x: 680 y: 630
1701196377784: Mouse moved. x: 742 y: 594
1701196377789: Mouse moved. x: 800 y: 561
1701196377797: Mouse moved. x: 859 y: 529
1701196377807: Mouse moved. x: 912 y: 501
1701196377813: Mouse moved. x: 962 y: 481
1701196377821: Mouse moved. x: 1004 y: 462
1701196377830: Mouse moved. x: 1045 y: 447
1701196377837: Mouse moved. x: 1076 y: 433
1701196377842: Mouse moved. x: 1107 y: 419
1701196377847: Mouse moved. x: 1138 y: 407
1701196377854: Mouse moved. x: 1154 y: 402
1701196377867: Mouse moved. x: 1170 y: 398
1701196377871: Mouse moved. x: 1181 y: 395
1701196377880: Mouse moved. x: 1191 y: 394
1701196377887: Mouse moved. x: 1196 y: 394
1701196377890: Mouse moved. x: 1200 y: 394
1701196377899: Mouse moved. x: 1206 y: 394
1701196377904: Mouse moved. x: 1208 y: 394
1701196377913: Mouse moved. x: 1210 y: 395
1701196377922: Mouse moved. x: 1213 y: 397
1701196377930: Mouse moved. x: 1216 y: 398
1701196377938: Mouse moved. x: 1217 y: 401
1701196377946: Mouse moved. x: 1221 y: 407
1701196377953: Mouse moved. x: 1223 y: 417
1701196377955: Mouse moved. x: 1223 y: 426
1701196377963: Mouse moved. x: 1221 y: 437
1701196377972: Mouse moved. x: 1213 y: 455
1701196377981: Mouse moved. x: 1202 y: 472
1701196377988: Mouse moved. x: 1185 y: 499
1701196377996: Mouse moved. x: 1167 y: 521
1701196378003: Mouse moved. x: 1145 y: 549
1701196378005: Mouse moved. x: 1111 y: 577
1701196378016: Mouse moved. x: 1078 y: 605
1701196378021: Mouse moved. x: 1045 y: 628
1701196378032: Mouse moved. x: 1014 y: 654
1701196378039: Mouse moved. x: 974 y: 679
1701196378047: Mouse moved. x: 940 y: 697
1701196378051: Mouse moved. x: 906 y: 713
1701196378055: Mouse moved. x: 868 y: 724
1701196378068: Mouse moved. x: 835 y: 732
1701196378071: Mouse moved. x: 804 y: 735
1701196378081: Mouse moved. x: 769 y: 735
1701196378087: Mouse moved. x: 747 y: 735
1701196378097: Mouse moved. x: 718 y: 732
1701196378103: Mouse moved. x: 693 y: 724
1701196378109: Mouse moved. x: 667 y: 711
1701196378116: Mouse moved. x: 646 y: 697
1701196378121: Mouse moved. x: 628 y: 679
1701196378130: Mouse moved. x: 599 y: 640
1701196378137: Mouse moved. x: 588 y: 615
1701196378147: Mouse moved. x: 577 y: 579
1701196378154: Mouse moved. x: 572 y: 545
1701196378159: Mouse moved. x: 572 y: 518
1701196378163: Mouse moved. x: 572 y: 491
1701196378173: Mouse moved. x: 572 y: 468
1701196378181: Mouse moved. x: 576 y: 447
1701196378189: Mouse moved. x: 580 y: 435
1701196378197: Mouse moved. x: 589 y: 416
1701196378200: Mouse moved. x: 597 y: 406
1701196378206: Mouse moved. x: 607 y: 396
1701196378219: Mouse moved. x: 626 y: 383
1701196378220: Mouse moved. x: 655 y: 369
1701196378233: Mouse moved. x: 685 y: 359
1701196378236: Mouse moved. x: 713 y: 349
1701196378247: Mouse moved. x: 760 y: 342
1701196378252: Mouse moved. x: 783 y: 339
1701196378260: Mouse moved. x: 824 y: 339
1701196378267: Mouse moved. x: 864 y: 345
1701196378271: Mouse moved. x: 891 y: 353
1701196378283: Mouse moved. x: 935 y: 366
1701196378287: Mouse moved. x: 970 y: 377
1701196378297: Mouse moved. x: 998 y: 387
1701196378303: Mouse moved. x: 1028 y: 399
1701196378313: Mouse moved. x: 1064 y: 409
1701196378319: Mouse moved. x: 1092 y: 423
1701196378321: Mouse moved. x: 1114 y: 435
1701196378332: Mouse moved. x: 1138 y: 451
1701196378337: Mouse moved. x: 1157 y: 464
1701196378347: Mouse moved. x: 1167 y: 471
1701196378353: Mouse moved. x: 1179 y: 483
1701196378363: Mouse moved. x: 1192 y: 500
1701196378368: Mouse moved. x: 1201 y: 514
1701196378371: Mouse moved. x: 1205 y: 526
1701196378382: Mouse moved. x: 1206 y: 538
1701196378389: Mouse moved. x: 1205 y: 550
1701196378397: Mouse moved. x: 1199 y: 562
1701196378406: Mouse moved. x: 1189 y: 577
1701196378413: Mouse moved. x: 1174 y: 597
1701196378415: Mouse moved. x: 1149 y: 617
1701196378426: Mouse moved. x: 1116 y: 639
1701196378433: Mouse moved. x: 1087 y: 656
1701196378442: Mouse moved. x: 1045 y: 675
1701196378449: Mouse moved. x: 1006 y: 690
1701196378454: Mouse moved. x: 974 y: 700
1701196378464: Mouse moved. x: 931 y: 710
1701196378470: Mouse moved. x: 904 y: 710
1701196378475: Mouse moved. x: 868 y: 710
1701196378483: Mouse moved. x: 836 y: 702
1701196378491: Mouse moved. x: 806 y: 694
1701196378500: Mouse moved. x: 775 y: 680
1701196378506: Mouse moved. x: 748 y: 663
1701196378513: Mouse moved. x: 726 y: 648
1701196378519: Mouse moved. x: 701 y: 627
1701196378523: Mouse moved. x: 679 y: 602
1701196378531: Mouse moved. x: 654 y: 564
1701196378540: Mouse moved. x: 641 y: 535
1701196378549: Mouse moved. x: 629 y: 505
1701196378557: Mouse moved. x: 619 y: 474
1701196378566: Mouse moved. x: 605 y: 426
1701196378576: Mouse moved. x: 598 y: 408
1701196378585: Mouse moved. x: 595 y: 397
1701196378593: Mouse moved. x: 593 y: 388
1701196378599: Mouse moved. x: 591 y: 381
1701196378603: Mouse moved. x: 588 y: 376
1701196378613: Mouse moved. x: 587 y: 371
1701196378619: Mouse moved. x: 586 y: 368
1701196378627: Mouse moved. x: 585 y: 365
1701196378636: Mouse moved. x: 585 y: 364
1701196378644: Mouse moved. x: 584 y: 363
1701196378646: Mouse moved. x: 584 y: 362
1701196378646: Mouse moved. x: 584 y: 361
1701196378659: Mouse moved. x: 583 y: 361
1701196378675: Mouse moved. x: 583 y: 361
1701196378706: Mouse moved. x: 583 y: 360
1701196378722: Mouse moved. x: 582 y: 359
1701196378722: Mouse moved. x: 581 y: 358
1701196378738: Mouse moved. x: 580 y: 356
1701196378747: Mouse moved. x: 579 y: 353
1701196378754: Mouse moved. x: 579 y: 349
1701196378754: Mouse moved. x: 579 y: 346
1701196378769: Mouse moved. x: 579 y: 342
1701196378769: Mouse moved. x: 579 y: 339
1701196378785: Mouse moved. x: 579 y: 334
1701196378785: Mouse moved. x: 578 y: 331
1701196378801: Mouse moved. x: 578 y: 325
1701196378801: Mouse moved. x: 578 y: 321
1701196378801: Mouse moved. x: 578 y: 316
1701196378816: Mouse moved. x: 578 y: 313
1701196378816: Mouse moved. x: 578 y: 309
1701196378832: Mouse moved. x: 578 y: 308
1701196378832: Mouse moved. x: 578 y: 306
1701196378848: Mouse moved. x: 578 y: 305
1701196378848: Mouse moved. x: 577 y: 303
1701196378864: Mouse moved. x: 577 y: 302
1701196378864: Mouse moved. x: 577 y: 302
1701196378879: Mouse moved. x: 577 y: 301
1701196378879: Mouse moved. x: 577 y: 301
1701196379459: Key Released: S
1701196379505: Key Released: Shift
1701196379537: Key Released: Ctrl
1701196382957: Key Released: Alt
1701196382986: Key Released: Tab
1701196383929: Key Released: T
1701196383929: Key Released: Ctrl
1701196384171: Key Released: R
1701196384231: Key Released: O
1701196384411: Key Released: O
1701196384583: Key Released: T
1701196384663: Key Released: Space
1701196384961: Key Released: 1
1701196384998: Key Released: 4
1701196385110: Key Released: 8
1701196385317: Key Released: Enter
1701196390090: Mouse moved. x: 581 y: 319
1701196390098: Mouse moved. x: 584 y: 358
1701196390106: Mouse moved. x: 591 y: 388
1701196390114: Mouse moved. x: 594 y: 419
1701196390122: Mouse moved. x: 595 y: 449
1701196390129: Mouse moved. x: 599 y: 477
1701196390131: Mouse moved. x: 601 y: 498
1701196390139: Mouse moved. x: 603 y: 526
1701196390151: Mouse moved. x: 607 y: 547
1701196390155: Mouse moved. x: 608 y: 564
1701196390164: Mouse moved. x: 611 y: 577
1701196390172: Mouse moved. x: 611 y: 591
1701196390180: Mouse moved. x: 611 y: 604
1701196390181: Mouse moved. x: 611 y: 612
1701196390188: Mouse moved. x: 610 y: 623
1701196390199: Mouse moved. x: 610 y: 630
1701196390204: Mouse moved. x: 609 y: 636
1701196390213: Mouse moved. x: 606 y: 642
1701196390220: Mouse moved. x: 604 y: 648
1701196390228: Mouse moved. x: 602 y: 651
1701196390237: Mouse moved. x: 600 y: 655
1701196390238: Mouse moved. x: 599 y: 657
1701196390245: Mouse moved. x: 597 y: 659
1701196390254: Mouse moved. x: 594 y: 663
1701196390261: Mouse moved. x: 592 y: 665
1701196390270: Mouse moved. x: 589 y: 667
1701196390278: Mouse moved. x: 586 y: 669
1701196390286: Mouse moved. x: 582 y: 671
1701196390294: Mouse moved. x: 579 y: 672
1701196390302: Mouse moved. x: 577 y: 674
1701196390308: Mouse moved. x: 573 y: 675
1701196390312: Mouse moved. x: 571 y: 675
1701196390320: Mouse moved. x: 569 y: 675
1701196390326: Mouse moved. x: 566 y: 675
1701196390334: Mouse moved. x: 564 y: 675
1701196390342: Mouse moved. x: 561 y: 675
1701196390350: Mouse moved. x: 558 y: 675
1701196390358: Mouse moved. x: 556 y: 675
1701196390367: Mouse moved. x: 555 y: 675
1701196390368: Mouse moved. x: 554 y: 675
1701196390379: Mouse moved. x: 552 y: 675
1701196390385: Mouse moved. x: 552 y: 675
1701196390392: Mouse moved. x: 551 y: 675
1701196390401: Mouse moved. x: 551 y: 674
1701196390408: Mouse moved. x: 550 y: 674
1701196390429: Mouse moved. x: 549 y: 674
1701196390496: Mouse moved. x: 549 y: 674
1701196390509: Mouse moved. x: 549 y: 675
1701196390516: Mouse moved. x: 551 y: 679
1701196390523: Mouse moved. x: 553 y: 684
1701196390530: Mouse moved. x: 555 y: 689
1701196390538: Mouse moved. x: 557 y: 692
1701196390547: Mouse moved. x: 559 y: 696
1701196390554: Mouse moved. x: 560 y: 699
1701196390557: Mouse moved. x: 563 y: 701
1701196390567: Mouse moved. x: 564 y: 704
1701196390570: Mouse moved. x: 566 y: 708
1701196390578: Mouse moved. x: 567 y: 710
1701196390587: Mouse moved. x: 569 y: 714
1701196390595: Mouse moved. x: 570 y: 716
1701196390603: Mouse moved. x: 572 y: 721
1701196390611: Mouse moved. x: 573 y: 723
1701196390619: Mouse moved. x: 575 y: 725
1701196390620: Mouse moved. x: 575 y: 728
1701196390630: Mouse moved. x: 576 y: 730
1701196390635: Mouse moved. x: 577 y: 732
1701196390646: Mouse moved. x: 579 y: 733
1701196390652: Mouse moved. x: 580 y: 736
1701196390660: Mouse moved. x: 581 y: 738
1701196390668: Mouse moved. x: 582 y: 739
1701196390676: Mouse moved. x: 583 y: 740
1701196390679: Mouse moved. x: 584 y: 743
1701196390685: Mouse moved. x: 585 y: 744
1701196390693: Mouse moved. x: 587 y: 745
1701196390701: Mouse moved. x: 588 y: 747
1701196390712: Mouse moved. x: 589 y: 748
1701196390717: Mouse moved. x: 590 y: 750
1701196390725: Mouse moved. x: 590 y: 750
1701196390733: Mouse moved. x: 591 y: 751
1701196390735: Mouse moved. x: 592 y: 751
1701196390745: Mouse moved. x: 592 y: 752
1701196390751: Mouse moved. x: 593 y: 752
1701196390762: Mouse moved. x: 593 y: 753
1701196390777: Mouse moved. x: 593 y: 753
1701196390783: Mouse moved. x: 593 y: 754
1701196390813: Mouse moved. x: 594 y: 754
1701196390816: Mouse moved. x: 594 y: 754
1701196390824: Mouse moved. x: 595 y: 754
1701196390833: Mouse moved. x: 596 y: 754
1701196390841: Mouse moved. x: 598 y: 754
1701196390846: Mouse moved. x: 600 y: 754
1701196390850: Mouse moved. x: 602 y: 753
1701196390857: Mouse moved. x: 605 y: 752
1701196390867: Mouse moved. x: 607 y: 750
1701196390874: Mouse moved. x: 610 y: 748
1701196390882: Mouse moved. x: 611 y: 746
1701196390890: Mouse moved. x: 613 y: 745
1701196390898: Mouse moved. x: 615 y: 744
1701196390906: Mouse moved. x: 616 y: 744
1701196390906: Mouse moved. x: 617 y: 743
1701196390916: Mouse moved. x: 620 y: 742
1701196390922: Mouse moved. x: 620 y: 741
1701196390931: Mouse moved. x: 621 y: 740
1701196390939: Mouse moved. x: 621 y: 740
1701196390947: Mouse moved. x: 622 y: 740
1701196390955: Mouse moved. x: 623 y: 740
1701196390967: Mouse moved. x: 623 y: 740
1701196390983: Mouse moved. x: 623 y: 739
1701196390996: Mouse moved. x: 624 y: 739
1701196391019: Mouse moved. x: 624 y: 738
1701196391046: Mouse moved. x: 625 y: 738
1701196391046: Mouse moved. x: 626 y: 737
1701196391062: Mouse moved. x: 627 y: 737
1701196391067: Mouse moved. x: 627 y: 736
1701196391075: Mouse moved. x: 628 y: 734
1701196391083: Mouse moved. x: 629 y: 733
1701196391091: Mouse moved. x: 629 y: 731
1701196391100: Mouse moved. x: 630 y: 730
1701196391103: Mouse moved. x: 631 y: 728
1701196391112: Mouse moved. x: 632 y: 726
1701196391117: Mouse moved. x: 633 y: 725
1701196391129: Mouse moved. x: 633 y: 725
1701196391133: Mouse moved. x: 633 y: 723
1701196391141: Mouse moved. x: 634 y: 723
1701196391149: Mouse moved. x: 634 y: 721
1701196391157: Mouse moved. x: 634 y: 720
1701196391163: Mouse moved. x: 634 y: 719
1701196391168: Mouse moved. x: 634 y: 718
1701196391179: Mouse moved. x: 635 y: 716
1701196391182: Mouse moved. x: 635 y: 714
1701196391191: Mouse moved. x: 635 y: 714
1701196391199: Mouse moved. x: 636 y: 712
1701196391207: Mouse moved. x: 636 y: 711
1701196391215: Mouse moved. x: 636 y: 710
1701196391223: Mouse moved. x: 636 y: 708
1701196391229: Mouse moved. x: 636 y: 706
1701196391231: Mouse moved. x: 636 y: 705
1701196391239: Mouse moved. x: 636 y: 704
1701196391248: Mouse moved. x: 636 y: 701
1701196391256: Mouse moved. x: 636 y: 699
1701196391265: Mouse moved. x: 636 y: 697
1701196391268: Mouse moved. x: 635 y: 696
1701196391273: Mouse moved. x: 635 y: 694
1701196393117: Mouse moved. x: 626 y: 694
1701196393125: Mouse moved. x: 620 y: 693
1701196393134: Mouse moved. x: 611 y: 692
1701196393141: Mouse moved. x: 601 y: 691
1701196393149: Mouse moved. x: 592 y: 689
1701196393157: Mouse moved. x: 582 y: 687
1701196393162: Mouse moved. x: 573 y: 682
1701196393171: Mouse moved. x: 567 y: 678
1701196393174: Mouse moved. x: 555 y: 673
1701196393182: Mouse moved. x: 548 y: 669
1701196393190: Mouse moved. x: 536 y: 662
1701196393201: Mouse moved. x: 526 y: 657
1701196393206: Mouse moved. x: 515 y: 653
1701196393214: Mouse moved. x: 505 y: 647
1701196393216: Mouse moved. x: 495 y: 643
1701196393228: Mouse moved. x: 489 y: 639
1701196393231: Mouse moved. x: 482 y: 636
1701196393238: Mouse moved. x: 475 y: 634
1701196393247: Mouse moved. x: 469 y: 632
1701196393255: Mouse moved. x: 463 y: 630
1701196393263: Mouse moved. x: 460 y: 629
1701196393271: Mouse moved. x: 457 y: 629
1701196393279: Mouse moved. x: 456 y: 628
1701196393287: Mouse moved. x: 455 y: 628
1701196393287: Mouse moved. x: 454 y: 628
1701196393295: Mouse moved. x: 453 y: 628
1701196393303: Mouse moved. x: 452 y: 628
1701196393315: Mouse moved. x: 452 y: 628
1701196393327: Mouse moved. x: 451 y: 628
1701196393365: Mouse moved. x: 451 y: 628
1701196393545: Mouse moved. x: 450 y: 628
1701196393559: Mouse moved. x: 450 y: 628
1701196393567: Mouse moved. x: 449 y: 628
1701196393583: Mouse moved. x: 449 y: 628
1701196393596: Mouse moved. x: 448 y: 628
1701196393600: Mouse moved. x: 448 y: 628
1701196393600: Mouse moved. x: 447 y: 628
1701196393612: Mouse moved. x: 446 y: 628
1701196394194: Mouse moved. x: 467 y: 612
1701196394197: Mouse moved. x: 511 y: 578
1701196394207: Mouse moved. x: 549 y: 549
1701196394215: Mouse moved. x: 596 y: 517
1701196394218: Mouse moved. x: 639 y: 486
1701196394229: Mouse moved. x: 689 y: 446
1701196394230: Mouse moved. x: 740 y: 412
1701196394243: Mouse moved. x: 789 y: 372
1701196394250: Mouse moved. x: 841 y: 338
1701196394258: Mouse moved. x: 890 y: 303
1701196394258: Mouse moved. x: 928 y: 276
1701196394266: Mouse moved. x: 971 y: 249
1701196394278: Mouse moved. x: 985 y: 237
1701196394278: Mouse moved. x: 999 y: 228
1701196394290: Mouse moved. x: 1005 y: 224
1701196394300: Mouse moved. x: 1006 y: 223
1701196400664: Key Released: W
1701196401391: Key Released: W
1701196401664: Key Released: Ctrl
1701196401988: Key Released: Alt
1701196401988: Key Released: Tab
1701196419996: Mouse moved. x: 1007 y: 223
1701196420003: Mouse moved. x: 1007 y: 224
1701196420011: Mouse moved. x: 1007 y: 224
1701196420015: Mouse moved. x: 1007 y: 225
1701196420019: Mouse moved. x: 1007 y: 225
1701196420032: Mouse moved. x: 1007 y: 227
1701196420035: Mouse moved. x: 1006 y: 229
1701196420045: Mouse moved. x: 1004 y: 231
1701196420052: Mouse moved. x: 996 y: 234
1701196420061: Mouse moved. x: 987 y: 238
1701196420066: Mouse moved. x: 977 y: 239
1701196420070: Mouse moved. x: 964 y: 238
1701196420077: Mouse moved. x: 947 y: 235
1701196420087: Mouse moved. x: 923 y: 229
1701196420096: Mouse moved. x: 889 y: 216
1701196420104: Mouse moved. x: 858 y: 201
1701196420111: Mouse moved. x: 826 y: 181
1701196420113: Mouse moved. x: 785 y: 156
1701196420123: Mouse moved. x: 753 y: 132
1701196420132: Mouse moved. x: 718 y: 112
1701196420135: Mouse moved. x: 683 y: 92
1701196420144: Mouse moved. x: 648 y: 72
1701196420149: Mouse moved. x: 620 y: 59
1701196420160: Mouse moved. x: 589 y: 47
1701196420165: Mouse moved. x: 564 y: 39
1701196420173: Mouse moved. x: 546 y: 35
1701196420177: Mouse moved. x: 533 y: 33
1701196420189: Mouse moved. x: 519 y: 33
1701196420189: Mouse moved. x: 511 y: 33
1701196420205: Mouse moved. x: 506 y: 33
1701196420205: Mouse moved. x: 503 y: 33
1701196420205: Mouse moved. x: 500 y: 33
1701196420221: Mouse moved. x: 499 y: 33
1701196420230: Mouse moved. x: 497 y: 33
1701196420237: Mouse moved. x: 497 y: 33
1701196420237: Mouse moved. x: 496 y: 33
1701196420253: Mouse moved. x: 495 y: 33
1701196420253: Mouse moved. x: 494 y: 33
1701196420268: Mouse moved. x: 494 y: 33
1701196420284: Mouse moved. x: 494 y: 33
1701196420300: Mouse moved. x: 494 y: 34
1701196420300: Mouse moved. x: 494 y: 34
1701196420300: Mouse moved. x: 494 y: 36
1701196420315: Mouse moved. x: 494 y: 40
1701196420315: Mouse moved. x: 497 y: 45
1701196420331: Mouse moved. x: 499 y: 52
1701196420331: Mouse moved. x: 501 y: 58
1701196420347: Mouse moved. x: 503 y: 62
1701196420347: Mouse moved. x: 507 y: 67
1701196420363: Mouse moved. x: 509 y: 72
1701196420363: Mouse moved. x: 516 y: 79
1701196420363: Mouse moved. x: 524 y: 90
1701196420378: Mouse moved. x: 533 y: 104
1701196420378: Mouse moved. x: 541 y: 115
1701196420394: Mouse moved. x: 553 y: 130
1701196420394: Mouse moved. x: 559 y: 142
1701196420409: Mouse moved. x: 570 y: 158
1701196420409: Mouse moved. x: 581 y: 175
1701196420425: Mouse moved. x: 589 y: 188
1701196420431: Mouse moved. x: 595 y: 198
1701196420441: Mouse moved. x: 601 y: 204
1701196420441: Mouse moved. x: 606 y: 212
1701196420441: Mouse moved. x: 611 y: 216
1701196420457: Mouse moved. x: 615 y: 220
1701196420457: Mouse moved. x: 616 y: 222
1701196420472: Mouse moved. x: 617 y: 223
1701196420472: Mouse moved. x: 618 y: 224
1701196420488: Mouse moved. x: 619 y: 225
1701196420488: Mouse moved. x: 620 y: 226
1701196420504: Mouse moved. x: 620 y: 226
1701196420504: Mouse moved. x: 620 y: 227
1701196420551: Mouse moved. x: 620 y: 227
1701196420551: Mouse moved. x: 620 y: 227
1701196420566: Mouse moved. x: 620 y: 226
1701196420582: Mouse moved. x: 620 y: 225
1701196421901: Key Released: Tab
1701196421918: Key Released: Alt
1701196422468: Key Released: Meta
1701196422484: Key Released: Tab
1701196423236: Key Released: Tab
1701196423244: Key Released: Meta
1701196423588: Key Released: Tab
1701196423588: Key Released: Alt
1701196424217: Key Released: Tab
1701196424392: Key Released: Alt
1701196424723: Mouse moved. x: 627 y: 243
1701196424723: Mouse moved. x: 635 y: 256
1701196424739: Mouse moved. x: 640 y: 267
1701196424739: Mouse moved. x: 646 y: 274
1701196424755: Mouse moved. x: 650 y: 280
1701196424755: Mouse moved. x: 654 y: 283
1701196424770: Mouse moved. x: 655 y: 285
1701196424770: Mouse moved. x: 656 y: 286
1701196424786: Mouse moved. x: 657 y: 287
1701196424790: Mouse moved. x: 657 y: 288
1701196424802: Mouse moved. x: 657 y: 283
1701196424818: Mouse moved. x: 656 y: 267
1701196424818: Mouse moved. x: 650 y: 237
1701196424834: Mouse moved. x: 643 y: 208
1701196424839: Mouse moved. x: 640 y: 177
1701196424850: Mouse moved. x: 640 y: 152
1701196424850: Mouse moved. x: 640 y: 136
1701196424850: Mouse moved. x: 640 y: 116
1701196424866: Mouse moved. x: 643 y: 104
1701196424866: Mouse moved. x: 647 y: 92
1701196424885: Mouse moved. x: 650 y: 83
1701196424891: Mouse moved. x: 653 y: 77
1701196424897: Mouse moved. x: 656 y: 71
1701196424904: Mouse moved. x: 658 y: 70
1701196424915: Mouse moved. x: 658 y: 69
1701196424922: Mouse moved. x: 659 y: 68
1701196424929: Mouse moved. x: 659 y: 68
1701196424929: Mouse moved. x: 659 y: 67
1701196424939: Mouse moved. x: 660 y: 67
1701196424961: Mouse moved. x: 661 y: 66
1701196424976: Mouse moved. x: 661 y: 65
1701196424992: Mouse moved. x: 662 y: 65
1701196424995: Mouse moved. x: 663 y: 63
1701196425008: Mouse moved. x: 666 y: 58
1701196425008: Mouse moved. x: 671 y: 52
1701196425023: Mouse moved. x: 675 y: 44
1701196425025: Mouse moved. x: 679 y: 36
1701196425025: Mouse moved. x: 685 y: 29
1701196425039: Mouse moved. x: 689 y: 21
1701196425039: Mouse moved. x: 693 y: 15
1701196425055: Mouse moved. x: 695 y: 12
1701196425055: Mouse moved. x: 696 y: 7
1701196425072: Mouse moved. x: 699 y: 4
1701196425072: Mouse moved. x: 701 y: 2
1701196425086: Mouse moved. x: 703 y: -2
1701196425086: Mouse moved. x: 704 y: -2
1701196425102: Mouse moved. x: 706 y: -1
1701196425102: Mouse moved. x: 708 y: -2
1701196425102: Mouse moved. x: 709 y: -2
1701196425118: Mouse moved. x: 709 y: -1
1701196425118: Mouse moved. x: 709 y: 0
1701196425133: Mouse moved. x: 709 y: -1
1701196425166: Mouse moved. x: 710 y: 0
1701196425181: Mouse moved. x: 711 y: 0
1701196425181: Mouse moved. x: 711 y: 0
1701196425197: Mouse moved. x: 712 y: 0
1701196425197: Mouse moved. x: 712 y: 1
1701196425213: Mouse moved. x: 712 y: 2
1701196425213: Mouse moved. x: 712 y: 3
1701196425229: Mouse moved. x: 712 y: 3
1701196425229: Mouse moved. x: 713 y: 5
1701196425244: Mouse moved. x: 713 y: 5
1701196425244: Mouse moved. x: 713 y: 6
1701196425260: Mouse moved. x: 713 y: 6
1701196425260: Mouse moved. x: 713 y: 7
1701196425260: Mouse moved. x: 713 y: 7
1701196425275: Mouse moved. x: 713 y: 9
1701196425275: Mouse moved. x: 713 y: 9
1701196425291: Mouse moved. x: 713 y: 10
1701196425354: Mouse moved. x: 713 y: 10
